2022-10-25 20:49:44 [background-preinit] INFO  o.h.validator.internal.util.Version - HV000001: Hibernate Validator 6.1.5.Final
2022-10-25 20:49:45 [main] INFO  o.s.c.c.c.ConfigServicePropertySourceLocator - Fetching config from server at : http://localhost:8888
2022-10-25 20:49:47 [main] INFO  o.s.c.c.c.ConfigServicePropertySourceLocator - Located environment: name=elastic-query-web-client,config-client, profiles=[elastic_query_web], label=null, version=0dddd62fbdba23fead05a33f4a9fe600745ff990, state=null
2022-10-25 20:49:47 [main] INFO  o.s.c.b.c.PropertySourceBootstrapConfiguration - Located property source: [BootstrapPropertySource {name='bootstrapProperties-configClient'}, BootstrapPropertySource {name='bootstrapProperties-https://github.com/douglascwfung/spring-cloud-config-server-repo.git/config-client.yml'}]
2022-10-25 20:49:47 [main] INFO  c.m.d.e.q.w.c.ElasticQueryWebClientApplication - The following profiles are active: elastic_query_web
2022-10-25 20:49:47 [main] INFO  o.s.cloud.context.scope.GenericScope - BeanFactory id=90e0c62f-6198-31c9-94f9-db18007b6beb
2022-10-25 20:49:48 [main] INFO  o.s.b.w.e.tomcat.TomcatWebServer - Tomcat initialized with port(s): 8080 (http)
2022-10-25 20:49:48 [main] INFO  o.a.coyote.http11.Http11NioProtocol - Initializing ProtocolHandler ["http-nio-8080"]
2022-10-25 20:49:48 [main] INFO  o.a.catalina.core.StandardService - Starting service [Tomcat]
2022-10-25 20:49:48 [main] INFO  o.a.catalina.core.StandardEngine - Starting Servlet engine: [Apache Tomcat/9.0.38]
2022-10-25 20:49:48 [main] INFO  o.a.c.c.C.[Tomcat].[localhost].[/] - Initializing Spring embedded WebApplicationContext
2022-10-25 20:49:48 [main] INFO  o.s.b.w.s.c.ServletWebServerApplicationContext - Root WebApplicationContext: initialization completed in 1371 ms
2022-10-25 20:49:48 [main] WARN  o.s.b.w.s.c.AnnotationConfigServletWebServerApplicationContext - Exception encountered during context initialization - cancelling refresh attempt: org.springframework.beans.factory.BeanCreationException: Error creating bean with name 'webClientBuilder' defined in class path resource [com/microservices/demo/elastic/query/web/client/config/WebClientConfig.class]: Bean instantiation via factory method failed; nested exception is org.springframework.beans.BeanInstantiationException: Failed to instantiate [org.springframework.web.reactive.function.client.WebClient$Builder]: Factory method 'webClientBuilder' threw exception; nested exception is java.lang.IllegalArgumentException: Username must not be null
2022-10-25 20:49:48 [main] INFO  o.a.catalina.core.StandardService - Stopping service [Tomcat]
2022-10-25 20:49:48 [main] INFO  o.s.b.a.l.ConditionEvaluationReportLoggingListener - 

Error starting ApplicationContext. To display the conditions report re-run your application with 'debug' enabled.
2022-10-25 20:49:48 [main] ERROR o.s.boot.SpringApplication - Application run failed
org.springframework.beans.factory.BeanCreationException: Error creating bean with name 'webClientBuilder' defined in class path resource [com/microservices/demo/elastic/query/web/client/config/WebClientConfig.class]: Bean instantiation via factory method failed; nested exception is org.springframework.beans.BeanInstantiationException: Failed to instantiate [org.springframework.web.reactive.function.client.WebClient$Builder]: Factory method 'webClientBuilder' threw exception; nested exception is java.lang.IllegalArgumentException: Username must not be null
	at org.springframework.beans.factory.support.ConstructorResolver.instantiate(ConstructorResolver.java:655)
	at org.springframework.beans.factory.support.ConstructorResolver.instantiateUsingFactoryMethod(ConstructorResolver.java:483)
	at org.springframework.beans.factory.support.AbstractAutowireCapableBeanFactory.instantiateUsingFactoryMethod(AbstractAutowireCapableBeanFactory.java:1336)
	at org.springframework.beans.factory.support.AbstractAutowireCapableBeanFactory.createBeanInstance(AbstractAutowireCapableBeanFactory.java:1176)
	at org.springframework.beans.factory.support.AbstractAutowireCapableBeanFactory.doCreateBean(AbstractAutowireCapableBeanFactory.java:556)
	at org.springframework.beans.factory.support.AbstractAutowireCapableBeanFactory.createBean(AbstractAutowireCapableBeanFactory.java:516)
	at org.springframework.beans.factory.support.AbstractBeanFactory.lambda$doGetBean$0(AbstractBeanFactory.java:324)
	at org.springframework.beans.factory.support.DefaultSingletonBeanRegistry.getSingleton(DefaultSingletonBeanRegistry.java:234)
	at org.springframework.beans.factory.support.AbstractBeanFactory.doGetBean(AbstractBeanFactory.java:322)
	at org.springframework.beans.factory.support.AbstractBeanFactory.getBean(AbstractBeanFactory.java:202)
	at org.springframework.beans.factory.support.DefaultListableBeanFactory.preInstantiateSingletons(DefaultListableBeanFactory.java:897)
	at org.springframework.context.support.AbstractApplicationContext.finishBeanFactoryInitialization(AbstractApplicationContext.java:879)
	at org.springframework.context.support.AbstractApplicationContext.refresh(AbstractApplicationContext.java:551)
	at org.springframework.boot.web.servlet.context.ServletWebServerApplicationContext.refresh(ServletWebServerApplicationContext.java:143)
	at org.springframework.boot.SpringApplication.refresh(SpringApplication.java:758)
	at org.springframework.boot.SpringApplication.refresh(SpringApplication.java:750)
	at org.springframework.boot.SpringApplication.refreshContext(SpringApplication.java:397)
	at org.springframework.boot.SpringApplication.run(SpringApplication.java:315)
	at org.springframework.boot.SpringApplication.run(SpringApplication.java:1237)
	at org.springframework.boot.SpringApplication.run(SpringApplication.java:1226)
	at com.microservices.demo.elastic.query.web.client.ElasticQueryWebClientApplication.main(ElasticQueryWebClientApplication.java:12)
Caused by: org.springframework.beans.BeanInstantiationException: Failed to instantiate [org.springframework.web.reactive.function.client.WebClient$Builder]: Factory method 'webClientBuilder' threw exception; nested exception is java.lang.IllegalArgumentException: Username must not be null
	at org.springframework.beans.factory.support.SimpleInstantiationStrategy.instantiate(SimpleInstantiationStrategy.java:185)
	at org.springframework.beans.factory.support.ConstructorResolver.instantiate(ConstructorResolver.java:650)
	... 20 common frames omitted
Caused by: java.lang.IllegalArgumentException: Username must not be null
	at org.springframework.util.Assert.notNull(Assert.java:201)
	at org.springframework.http.HttpHeaders.encodeBasicAuth(HttpHeaders.java:1834)
	at org.springframework.web.reactive.function.client.ExchangeFilterFunctions.basicAuthentication(ExchangeFilterFunctions.java:103)
	at com.microservices.demo.elastic.query.web.client.config.WebClientConfig.webClientBuilder(WebClientConfig.java:37)
	at com.microservices.demo.elastic.query.web.client.config.WebClientConfig$$EnhancerBySpringCGLIB$$b0bf0074.CGLIB$webClientBuilder$0(<generated>)
	at com.microservices.demo.elastic.query.web.client.config.WebClientConfig$$EnhancerBySpringCGLIB$$b0bf0074$$FastClassBySpringCGLIB$$64f0dd7b.invoke(<generated>)
	at org.springframework.cglib.proxy.MethodProxy.invokeSuper(MethodProxy.java:244)
	at org.springframework.context.annotation.ConfigurationClassEnhancer$BeanMethodInterceptor.intercept(ConfigurationClassEnhancer.java:331)
	at com.microservices.demo.elastic.query.web.client.config.WebClientConfig$$EnhancerBySpringCGLIB$$b0bf0074.webClientBuilder(<generated>)
	at java.base/jdk.internal.reflect.NativeMethodAccessorImpl.invoke0(Native Method)
	at java.base/jdk.internal.reflect.NativeMethodAccessorImpl.invoke(NativeMethodAccessorImpl.java:62)
	at java.base/jdk.internal.reflect.DelegatingMethodAccessorImpl.invoke(DelegatingMethodAccessorImpl.java:43)
	at java.base/java.lang.reflect.Method.invoke(Method.java:566)
	at org.springframework.beans.factory.support.SimpleInstantiationStrategy.instantiate(SimpleInstantiationStrategy.java:154)
	... 21 common frames omitted
2022-10-25 20:58:58 [background-preinit] INFO  o.h.validator.internal.util.Version - HV000001: Hibernate Validator 6.1.5.Final
2022-10-25 20:58:59 [main] INFO  o.s.c.c.c.ConfigServicePropertySourceLocator - Fetching config from server at : http://localhost:8888
2022-10-25 20:59:01 [main] INFO  o.s.c.c.c.ConfigServicePropertySourceLocator - Located environment: name=elastic-query-web-client,config-client, profiles=[elastic_query_web], label=null, version=60d69048074ede59f45cb157d3209410a0165010, state=null
2022-10-25 20:59:01 [main] INFO  o.s.c.b.c.PropertySourceBootstrapConfiguration - Located property source: [BootstrapPropertySource {name='bootstrapProperties-configClient'}, BootstrapPropertySource {name='bootstrapProperties-https://github.com/douglascwfung/spring-cloud-config-server-repo.git/config-client-elastic_query_web.yml'}, BootstrapPropertySource {name='bootstrapProperties-https://github.com/douglascwfung/spring-cloud-config-server-repo.git/config-client.yml'}]
2022-10-25 20:59:01 [main] INFO  c.m.d.e.q.w.c.ElasticQueryWebClientApplication - The following profiles are active: elastic_query_web
2022-10-25 20:59:02 [main] INFO  o.s.cloud.context.scope.GenericScope - BeanFactory id=90e0c62f-6198-31c9-94f9-db18007b6beb
2022-10-25 20:59:02 [main] INFO  o.s.b.w.e.tomcat.TomcatWebServer - Tomcat initialized with port(s): 8184 (http)
2022-10-25 20:59:02 [main] INFO  o.a.coyote.http11.Http11NioProtocol - Initializing ProtocolHandler ["http-nio-8184"]
2022-10-25 20:59:02 [main] INFO  o.a.catalina.core.StandardService - Starting service [Tomcat]
2022-10-25 20:59:02 [main] INFO  o.a.catalina.core.StandardEngine - Starting Servlet engine: [Apache Tomcat/9.0.38]
2022-10-25 20:59:02 [main] INFO  o.a.c.c.C.[.[.[/elastic-query-web-client] - Initializing Spring embedded WebApplicationContext
2022-10-25 20:59:02 [main] INFO  o.s.b.w.s.c.ServletWebServerApplicationContext - Root WebApplicationContext: initialization completed in 1269 ms
2022-10-25 20:59:03 [main] INFO  o.s.s.web.DefaultSecurityFilterChain - Creating filter chain: any request, [org.springframework.security.web.context.request.async.WebAsyncManagerIntegrationFilter@67acfde9, org.springframework.security.web.context.SecurityContextPersistenceFilter@240f350a, org.springframework.security.web.header.HeaderWriterFilter@15d114ce, org.springframework.security.web.csrf.CsrfFilter@7a31ca20, org.springframework.security.web.authentication.logout.LogoutFilter@19fec3d6, org.springframework.security.web.authentication.www.BasicAuthenticationFilter@7c950b3b, org.springframework.security.web.savedrequest.RequestCacheAwareFilter@3af2f846, org.springframework.security.web.servletapi.SecurityContextHolderAwareRequestFilter@58b311ba, org.springframework.security.web.authentication.AnonymousAuthenticationFilter@3b088163, org.springframework.security.web.session.SessionManagementFilter@58f254b1, org.springframework.security.web.access.ExceptionTranslationFilter@797fcf9, org.springframework.security.web.access.intercept.FilterSecurityInterceptor@5b02a984]
2022-10-25 20:59:03 [main] INFO  o.s.s.c.ThreadPoolTaskExecutor - Initializing ExecutorService 'applicationTaskExecutor'
2022-10-25 20:59:03 [main] INFO  o.s.b.a.w.s.WelcomePageHandlerMapping - Adding welcome page template: index
2022-10-25 20:59:04 [main] INFO  o.a.coyote.http11.Http11NioProtocol - Starting ProtocolHandler ["http-nio-8184"]
2022-10-25 20:59:04 [main] INFO  o.s.b.w.e.tomcat.TomcatWebServer - Tomcat started on port(s): 8184 (http) with context path '/elastic-query-web-client'
2022-10-25 20:59:05 [main] INFO  c.m.d.e.q.w.c.ElasticQueryWebClientApplication - Started ElasticQueryWebClientApplication in 7.895 seconds (JVM running for 8.543)
2022-10-25 20:59:49 [http-nio-8184-exec-1] INFO  o.a.c.c.C.[.[.[/elastic-query-web-client] - Initializing Spring DispatcherServlet 'dispatcherServlet'
2022-10-25 20:59:49 [http-nio-8184-exec-1] INFO  o.s.web.servlet.DispatcherServlet - Initializing Servlet 'dispatcherServlet'
2022-10-25 20:59:49 [http-nio-8184-exec-1] INFO  o.s.web.servlet.DispatcherServlet - Completed initialization in 7 ms
2022-10-25 20:59:49 [http-nio-8184-exec-1] WARN  o.a.c.util.SessionIdGeneratorBase - Creation of SecureRandom instance for session ID generation using [SHA1PRNG] took [219] milliseconds.
2022-10-25 21:00:06 [http-nio-8184-exec-4] INFO  c.m.d.e.q.w.c.api.QueryController - Querying with text test
