2022-10-25 09:21:09 [background-preinit] INFO  o.h.validator.internal.util.Version - HV000001: Hibernate Validator 6.1.5.Final
2022-10-25 09:21:10 [main] INFO  o.s.c.c.c.ConfigServicePropertySourceLocator - Fetching config from server at : http://localhost:8888
2022-10-25 09:21:12 [main] INFO  o.s.c.c.c.ConfigServicePropertySourceLocator - Located environment: name=elastic-query-service,config-client, profiles=[elastic_query], label=null, version=1be7c84200b97a1657962937f459f3c8dafbb7c4, state=null
2022-10-25 09:21:12 [main] INFO  o.s.c.b.c.PropertySourceBootstrapConfiguration - Located property source: [BootstrapPropertySource {name='bootstrapProperties-configClient'}, BootstrapPropertySource {name='bootstrapProperties-https://github.com/douglascwfung/spring-cloud-config-server-repo.git/config-client-elastic_query.yml'}, BootstrapPropertySource {name='bootstrapProperties-https://github.com/douglascwfung/spring-cloud-config-server-repo.git/config-client.yml'}]
2022-10-25 09:21:12 [main] INFO  c.m.d.e.q.s.ElasticQueryServiceApplication - The following profiles are active: elastic_query
2022-10-25 09:21:13 [main] INFO  o.s.d.r.c.RepositoryConfigurationDelegate - Bootstrapping Spring Data Elasticsearch repositories in DEFAULT mode.
2022-10-25 09:21:13 [main] INFO  o.s.d.r.c.RepositoryConfigurationDelegate - Finished Spring Data repository scanning in 82ms. Found 1 Elasticsearch repository interfaces.
2022-10-25 09:21:13 [main] INFO  o.s.d.r.c.RepositoryConfigurationDelegate - Bootstrapping Spring Data Reactive Elasticsearch repositories in DEFAULT mode.
2022-10-25 09:21:13 [main] INFO  o.s.d.r.c.RepositoryConfigurationDelegate - Finished Spring Data repository scanning in 11ms. Found 0 Reactive Elasticsearch repository interfaces.
2022-10-25 09:21:13 [main] INFO  o.s.cloud.context.scope.GenericScope - BeanFactory id=46cb8694-6c52-3fe3-b3a6-e837ad62b7d3
2022-10-25 09:21:14 [main] INFO  o.s.b.w.e.tomcat.TomcatWebServer - Tomcat initialized with port(s): 8183 (http)
2022-10-25 09:21:14 [main] INFO  o.a.coyote.http11.Http11NioProtocol - Initializing ProtocolHandler ["http-nio-8183"]
2022-10-25 09:21:14 [main] INFO  o.a.catalina.core.StandardService - Starting service [Tomcat]
2022-10-25 09:21:14 [main] INFO  o.a.catalina.core.StandardEngine - Starting Servlet engine: [Apache Tomcat/9.0.38]
2022-10-25 09:21:14 [main] INFO  o.a.c.c.C.[.[.[/elastic-query-service] - Initializing Spring embedded WebApplicationContext
2022-10-25 09:21:14 [main] INFO  o.s.b.w.s.c.ServletWebServerApplicationContext - Root WebApplicationContext: initialization completed in 1676 ms
2022-10-25 09:21:14 [main] WARN  o.s.data.convert.CustomConversions - Registering converter from class org.springframework.data.geo.Point to interface java.util.Map as writing converter although it doesn't convert to a store-supported type! You might want to check your annotation setup at the converter implementation.
2022-10-25 09:21:14 [main] WARN  o.s.data.convert.CustomConversions - Registering converter from interface java.util.Map to class org.springframework.data.geo.Point as reading converter although it doesn't convert from a store-supported type! You might want to check your annotation setup at the converter implementation.
2022-10-25 09:21:14 [main] WARN  o.s.data.convert.CustomConversions - Registering converter from class org.springframework.data.elasticsearch.core.geo.GeoPoint to interface java.util.Map as writing converter although it doesn't convert to a store-supported type! You might want to check your annotation setup at the converter implementation.
2022-10-25 09:21:14 [main] WARN  o.s.data.convert.CustomConversions - Registering converter from interface java.util.Map to class org.springframework.data.elasticsearch.core.geo.GeoPoint as reading converter although it doesn't convert from a store-supported type! You might want to check your annotation setup at the converter implementation.
2022-10-25 09:21:14 [main] WARN  o.s.data.convert.CustomConversions - Registering converter from class org.springframework.data.geo.Point to interface java.util.Map as writing converter although it doesn't convert to a store-supported type! You might want to check your annotation setup at the converter implementation.
2022-10-25 09:21:14 [main] WARN  o.s.data.convert.CustomConversions - Registering converter from interface java.util.Map to class org.springframework.data.geo.Point as reading converter although it doesn't convert from a store-supported type! You might want to check your annotation setup at the converter implementation.
2022-10-25 09:21:14 [main] WARN  o.s.data.convert.CustomConversions - Registering converter from class org.springframework.data.elasticsearch.core.geo.GeoPoint to interface java.util.Map as writing converter although it doesn't convert to a store-supported type! You might want to check your annotation setup at the converter implementation.
2022-10-25 09:21:14 [main] WARN  o.s.data.convert.CustomConversions - Registering converter from interface java.util.Map to class org.springframework.data.elasticsearch.core.geo.GeoPoint as reading converter although it doesn't convert from a store-supported type! You might want to check your annotation setup at the converter implementation.
2022-10-25 09:21:15 [main] INFO  o.s.d.e.support.VersionInfo - Version Spring Data Elasticsearch: 4.0.4.RELEASE
2022-10-25 09:21:15 [main] INFO  o.s.d.e.support.VersionInfo - Version Elasticsearch Client in build: 7.6.2
2022-10-25 09:21:15 [main] INFO  o.s.d.e.support.VersionInfo - Version Elasticsearch Client used: 7.9.1
2022-10-25 09:21:15 [main] WARN  o.s.d.e.support.VersionInfo - Version mismatch in between Elasticsearch Clients build/use: 7.6.2 - 7.9.1
2022-10-25 09:21:15 [main] INFO  o.s.d.e.support.VersionInfo - Version Elasticsearch cluster: 7.9.1
2022-10-25 09:21:15 [main] INFO  o.s.s.web.DefaultSecurityFilterChain - Creating filter chain: any request, [org.springframework.security.web.context.request.async.WebAsyncManagerIntegrationFilter@5fbae40, org.springframework.security.web.context.SecurityContextPersistenceFilter@4571cebe, org.springframework.security.web.header.HeaderWriterFilter@46894dc5, org.springframework.security.web.authentication.logout.LogoutFilter@3a70575, org.springframework.security.web.authentication.www.BasicAuthenticationFilter@6dc2279c, org.springframework.security.web.savedrequest.RequestCacheAwareFilter@11cadb32, org.springframework.security.web.servletapi.SecurityContextHolderAwareRequestFilter@605eb072, org.springframework.security.web.authentication.AnonymousAuthenticationFilter@2c08c787, org.springframework.security.web.session.SessionManagementFilter@67dc6b48, org.springframework.security.web.access.ExceptionTranslationFilter@2520aa05, org.springframework.security.web.access.intercept.FilterSecurityInterceptor@2f038d3c]
2022-10-25 09:21:15 [main] INFO  o.s.s.c.ThreadPoolTaskExecutor - Initializing ExecutorService 'applicationTaskExecutor'
2022-10-25 09:21:16 [main] INFO  o.a.coyote.http11.Http11NioProtocol - Starting ProtocolHandler ["http-nio-8183"]
2022-10-25 09:21:16 [main] INFO  o.s.b.w.e.tomcat.TomcatWebServer - Tomcat started on port(s): 8183 (http) with context path '/elastic-query-service'
2022-10-25 09:21:16 [main] INFO  c.m.d.e.q.s.ElasticQueryServiceApplication - Started ElasticQueryServiceApplication in 8.409 seconds (JVM running for 9.213)
2022-10-25 09:25:25 [http-nio-8183-exec-2] INFO  o.a.c.c.C.[.[.[/elastic-query-service] - Initializing Spring DispatcherServlet 'dispatcherServlet'
2022-10-25 09:25:25 [http-nio-8183-exec-2] INFO  o.s.web.servlet.DispatcherServlet - Initializing Servlet 'dispatcherServlet'
2022-10-25 09:25:25 [http-nio-8183-exec-2] INFO  o.s.web.servlet.DispatcherServlet - Completed initialization in 8 ms
2022-10-25 09:25:26 [http-nio-8183-exec-2] WARN  o.a.c.util.SessionIdGeneratorBase - Creation of SecureRandom instance for session ID generation using [SHA1PRNG] took [213] milliseconds.
2022-10-25 09:25:26 [http-nio-8183-exec-2] INFO  c.m.d.e.q.s.b.i.TwitterElasticQueryService - Querying elasticsearch by text text
2022-10-25 09:25:26 [http-nio-8183-exec-2] INFO  c.m.d.e.q.c.s.i.TwitterElasticRepositoryQueryClient - 2 of documents with text text retrieved successfully
2022-10-25 09:25:26 [http-nio-8183-exec-2] INFO  c.m.d.e.q.s.a.ElasticDocumentController - Elasticsearch returned 2 of documents
2022-10-25 09:26:48 [http-nio-8183-exec-5] INFO  c.m.d.e.q.s.b.i.TwitterElasticQueryService - Querying elasticsearch by id 1
2022-10-25 09:26:48 [http-nio-8183-exec-5] INFO  c.m.d.e.q.c.s.i.TwitterElasticRepositoryQueryClient - Document with id 1 retrieved successfully
2022-10-25 09:27:28 [http-nio-8183-exec-6] INFO  c.m.d.e.q.s.b.i.TwitterElasticQueryService - Querying elasticsearch by id 1
2022-10-25 09:27:28 [http-nio-8183-exec-6] INFO  c.m.d.e.q.c.s.i.TwitterElasticRepositoryQueryClient - Document with id 1 retrieved successfully
2022-10-25 09:27:40 [http-nio-8183-exec-7] INFO  c.m.d.e.q.s.b.i.TwitterElasticQueryService - Querying all documents in elasticsearch
2022-10-25 09:27:40 [http-nio-8183-exec-7] INFO  c.m.d.e.q.c.s.i.TwitterElasticRepositoryQueryClient - 147 number of documents retrieved successfully
2022-10-25 09:27:40 [http-nio-8183-exec-7] INFO  c.m.d.e.q.s.a.ElasticDocumentController - Elasticsearch returned 147 of documents
2022-10-25 10:23:37 [background-preinit] INFO  o.h.validator.internal.util.Version - HV000001: Hibernate Validator 6.1.5.Final
2022-10-25 10:23:39 [main] INFO  o.s.c.c.c.ConfigServicePropertySourceLocator - Fetching config from server at : http://localhost:8888
2022-10-25 10:23:40 [main] INFO  o.s.c.c.c.ConfigServicePropertySourceLocator - Located environment: name=elastic-query-service,config-client, profiles=[elastic_query], label=null, version=1be7c84200b97a1657962937f459f3c8dafbb7c4, state=null
2022-10-25 10:23:40 [main] INFO  o.s.c.b.c.PropertySourceBootstrapConfiguration - Located property source: [BootstrapPropertySource {name='bootstrapProperties-configClient'}, BootstrapPropertySource {name='bootstrapProperties-https://github.com/douglascwfung/spring-cloud-config-server-repo.git/config-client-elastic_query.yml'}, BootstrapPropertySource {name='bootstrapProperties-https://github.com/douglascwfung/spring-cloud-config-server-repo.git/config-client.yml'}]
2022-10-25 10:23:40 [main] INFO  c.m.d.e.q.s.ElasticQueryServiceApplication - The following profiles are active: elastic_query
2022-10-25 10:23:41 [main] INFO  o.s.d.r.c.RepositoryConfigurationDelegate - Bootstrapping Spring Data Elasticsearch repositories in DEFAULT mode.
2022-10-25 10:23:41 [main] INFO  o.s.d.r.c.RepositoryConfigurationDelegate - Finished Spring Data repository scanning in 74ms. Found 1 Elasticsearch repository interfaces.
2022-10-25 10:23:41 [main] INFO  o.s.d.r.c.RepositoryConfigurationDelegate - Bootstrapping Spring Data Reactive Elasticsearch repositories in DEFAULT mode.
2022-10-25 10:23:41 [main] INFO  o.s.d.r.c.RepositoryConfigurationDelegate - Finished Spring Data repository scanning in 11ms. Found 0 Reactive Elasticsearch repository interfaces.
2022-10-25 10:23:42 [main] INFO  o.s.cloud.context.scope.GenericScope - BeanFactory id=203f7540-1dd5-321f-9b21-5c202b4f4e34
2022-10-25 10:23:42 [main] INFO  o.s.b.w.e.tomcat.TomcatWebServer - Tomcat initialized with port(s): 8183 (http)
2022-10-25 10:23:42 [main] INFO  o.a.coyote.http11.Http11NioProtocol - Initializing ProtocolHandler ["http-nio-8183"]
2022-10-25 10:23:42 [main] INFO  o.a.catalina.core.StandardService - Starting service [Tomcat]
2022-10-25 10:23:42 [main] INFO  o.a.catalina.core.StandardEngine - Starting Servlet engine: [Apache Tomcat/9.0.38]
2022-10-25 10:23:42 [main] INFO  o.a.c.c.C.[.[.[/elastic-query-service] - Initializing Spring embedded WebApplicationContext
2022-10-25 10:23:42 [main] INFO  o.s.b.w.s.c.ServletWebServerApplicationContext - Root WebApplicationContext: initialization completed in 1809 ms
2022-10-25 10:23:43 [main] WARN  o.s.data.convert.CustomConversions - Registering converter from class org.springframework.data.geo.Point to interface java.util.Map as writing converter although it doesn't convert to a store-supported type! You might want to check your annotation setup at the converter implementation.
2022-10-25 10:23:43 [main] WARN  o.s.data.convert.CustomConversions - Registering converter from interface java.util.Map to class org.springframework.data.geo.Point as reading converter although it doesn't convert from a store-supported type! You might want to check your annotation setup at the converter implementation.
2022-10-25 10:23:43 [main] WARN  o.s.data.convert.CustomConversions - Registering converter from class org.springframework.data.elasticsearch.core.geo.GeoPoint to interface java.util.Map as writing converter although it doesn't convert to a store-supported type! You might want to check your annotation setup at the converter implementation.
2022-10-25 10:23:43 [main] WARN  o.s.data.convert.CustomConversions - Registering converter from interface java.util.Map to class org.springframework.data.elasticsearch.core.geo.GeoPoint as reading converter although it doesn't convert from a store-supported type! You might want to check your annotation setup at the converter implementation.
2022-10-25 10:23:43 [main] WARN  o.s.data.convert.CustomConversions - Registering converter from class org.springframework.data.geo.Point to interface java.util.Map as writing converter although it doesn't convert to a store-supported type! You might want to check your annotation setup at the converter implementation.
2022-10-25 10:23:43 [main] WARN  o.s.data.convert.CustomConversions - Registering converter from interface java.util.Map to class org.springframework.data.geo.Point as reading converter although it doesn't convert from a store-supported type! You might want to check your annotation setup at the converter implementation.
2022-10-25 10:23:43 [main] WARN  o.s.data.convert.CustomConversions - Registering converter from class org.springframework.data.elasticsearch.core.geo.GeoPoint to interface java.util.Map as writing converter although it doesn't convert to a store-supported type! You might want to check your annotation setup at the converter implementation.
2022-10-25 10:23:43 [main] WARN  o.s.data.convert.CustomConversions - Registering converter from interface java.util.Map to class org.springframework.data.elasticsearch.core.geo.GeoPoint as reading converter although it doesn't convert from a store-supported type! You might want to check your annotation setup at the converter implementation.
2022-10-25 10:23:43 [main] INFO  o.s.d.e.support.VersionInfo - Version Spring Data Elasticsearch: 4.0.4.RELEASE
2022-10-25 10:23:43 [main] INFO  o.s.d.e.support.VersionInfo - Version Elasticsearch Client in build: 7.6.2
2022-10-25 10:23:43 [main] INFO  o.s.d.e.support.VersionInfo - Version Elasticsearch Client used: 7.9.1
2022-10-25 10:23:43 [main] WARN  o.s.d.e.support.VersionInfo - Version mismatch in between Elasticsearch Clients build/use: 7.6.2 - 7.9.1
2022-10-25 10:23:43 [main] INFO  o.s.d.e.support.VersionInfo - Version Elasticsearch cluster: 7.9.1
2022-10-25 10:23:44 [main] INFO  o.s.s.web.DefaultSecurityFilterChain - Creating filter chain: any request, [org.springframework.security.web.context.request.async.WebAsyncManagerIntegrationFilter@714bffd5, org.springframework.security.web.context.SecurityContextPersistenceFilter@4e5d5ac1, org.springframework.security.web.header.HeaderWriterFilter@ce2eaa7, org.springframework.security.web.authentication.logout.LogoutFilter@2e7a9db7, org.springframework.security.web.authentication.www.BasicAuthenticationFilter@60a6840c, org.springframework.security.web.savedrequest.RequestCacheAwareFilter@236fd411, org.springframework.security.web.servletapi.SecurityContextHolderAwareRequestFilter@61eab26b, org.springframework.security.web.authentication.AnonymousAuthenticationFilter@6ac9b66b, org.springframework.security.web.session.SessionManagementFilter@6cd7f381, org.springframework.security.web.access.ExceptionTranslationFilter@18513c23, org.springframework.security.web.access.intercept.FilterSecurityInterceptor@5e8f0f98]
2022-10-25 10:23:44 [main] INFO  o.s.s.c.ThreadPoolTaskExecutor - Initializing ExecutorService 'applicationTaskExecutor'
2022-10-25 10:23:45 [main] INFO  o.a.coyote.http11.Http11NioProtocol - Starting ProtocolHandler ["http-nio-8183"]
2022-10-25 10:23:45 [main] INFO  o.s.b.w.e.tomcat.TomcatWebServer - Tomcat started on port(s): 8183 (http) with context path '/elastic-query-service'
2022-10-25 10:23:45 [main] INFO  c.m.d.e.q.s.ElasticQueryServiceApplication - Started ElasticQueryServiceApplication in 8.804 seconds (JVM running for 9.73)
2022-10-25 10:24:06 [http-nio-8183-exec-2] INFO  o.a.c.c.C.[.[.[/elastic-query-service] - Initializing Spring DispatcherServlet 'dispatcherServlet'
2022-10-25 10:24:06 [http-nio-8183-exec-2] INFO  o.s.web.servlet.DispatcherServlet - Initializing Servlet 'dispatcherServlet'
2022-10-25 10:24:06 [http-nio-8183-exec-2] INFO  o.s.web.servlet.DispatcherServlet - Completed initialization in 8 ms
2022-10-25 10:24:07 [http-nio-8183-exec-2] WARN  o.a.c.util.SessionIdGeneratorBase - Creation of SecureRandom instance for session ID generation using [SHA1PRNG] took [216] milliseconds.
2022-10-25 10:24:07 [http-nio-8183-exec-2] INFO  c.m.d.e.q.s.b.i.TwitterElasticQueryService - Querying all documents in elasticsearch
2022-10-25 10:24:07 [http-nio-8183-exec-2] INFO  c.m.d.e.q.c.s.i.TwitterElasticRepositoryQueryClient - 147 number of documents retrieved successfully
2022-10-25 10:24:07 [http-nio-8183-exec-2] INFO  c.m.d.e.q.s.a.ElasticDocumentController - Elasticsearch returned 147 of documents
2022-10-25 14:06:04 [background-preinit] INFO  o.h.validator.internal.util.Version - HV000001: Hibernate Validator 6.1.5.Final
2022-10-25 14:06:05 [main] INFO  o.s.c.c.c.ConfigServicePropertySourceLocator - Fetching config from server at : http://localhost:8888
2022-10-25 14:06:07 [main] INFO  o.s.c.c.c.ConfigServicePropertySourceLocator - Located environment: name=elastic-query-service,config-client, profiles=[elastic_query], label=null, version=1be7c84200b97a1657962937f459f3c8dafbb7c4, state=null
2022-10-25 14:06:07 [main] INFO  o.s.c.b.c.PropertySourceBootstrapConfiguration - Located property source: [BootstrapPropertySource {name='bootstrapProperties-configClient'}, BootstrapPropertySource {name='bootstrapProperties-https://github.com/douglascwfung/spring-cloud-config-server-repo.git/config-client-elastic_query.yml'}, BootstrapPropertySource {name='bootstrapProperties-https://github.com/douglascwfung/spring-cloud-config-server-repo.git/config-client.yml'}]
2022-10-25 14:06:07 [main] INFO  c.m.d.e.q.s.ElasticQueryServiceApplication - The following profiles are active: elastic_query
2022-10-25 14:06:07 [main] INFO  o.s.d.r.c.RepositoryConfigurationDelegate - Bootstrapping Spring Data Elasticsearch repositories in DEFAULT mode.
2022-10-25 14:06:07 [main] INFO  o.s.d.r.c.RepositoryConfigurationDelegate - Finished Spring Data repository scanning in 64ms. Found 1 Elasticsearch repository interfaces.
2022-10-25 14:06:08 [main] INFO  o.s.d.r.c.RepositoryConfigurationDelegate - Bootstrapping Spring Data Reactive Elasticsearch repositories in DEFAULT mode.
2022-10-25 14:06:08 [main] INFO  o.s.d.r.c.RepositoryConfigurationDelegate - Finished Spring Data repository scanning in 10ms. Found 0 Reactive Elasticsearch repository interfaces.
2022-10-25 14:06:08 [main] INFO  o.s.cloud.context.scope.GenericScope - BeanFactory id=203f7540-1dd5-321f-9b21-5c202b4f4e34
2022-10-25 14:06:08 [main] INFO  o.s.b.w.e.tomcat.TomcatWebServer - Tomcat initialized with port(s): 8183 (http)
2022-10-25 14:06:08 [main] INFO  o.a.coyote.http11.Http11NioProtocol - Initializing ProtocolHandler ["http-nio-8183"]
2022-10-25 14:06:08 [main] INFO  o.a.catalina.core.StandardService - Starting service [Tomcat]
2022-10-25 14:06:08 [main] INFO  o.a.catalina.core.StandardEngine - Starting Servlet engine: [Apache Tomcat/9.0.38]
2022-10-25 14:06:09 [main] INFO  o.a.c.c.C.[.[.[/elastic-query-service] - Initializing Spring embedded WebApplicationContext
2022-10-25 14:06:09 [main] INFO  o.s.b.w.s.c.ServletWebServerApplicationContext - Root WebApplicationContext: initialization completed in 1709 ms
2022-10-25 14:06:09 [main] WARN  o.s.data.convert.CustomConversions - Registering converter from class org.springframework.data.geo.Point to interface java.util.Map as writing converter although it doesn't convert to a store-supported type! You might want to check your annotation setup at the converter implementation.
2022-10-25 14:06:09 [main] WARN  o.s.data.convert.CustomConversions - Registering converter from interface java.util.Map to class org.springframework.data.geo.Point as reading converter although it doesn't convert from a store-supported type! You might want to check your annotation setup at the converter implementation.
2022-10-25 14:06:09 [main] WARN  o.s.data.convert.CustomConversions - Registering converter from class org.springframework.data.elasticsearch.core.geo.GeoPoint to interface java.util.Map as writing converter although it doesn't convert to a store-supported type! You might want to check your annotation setup at the converter implementation.
2022-10-25 14:06:09 [main] WARN  o.s.data.convert.CustomConversions - Registering converter from interface java.util.Map to class org.springframework.data.elasticsearch.core.geo.GeoPoint as reading converter although it doesn't convert from a store-supported type! You might want to check your annotation setup at the converter implementation.
2022-10-25 14:06:09 [main] WARN  o.s.data.convert.CustomConversions - Registering converter from class org.springframework.data.geo.Point to interface java.util.Map as writing converter although it doesn't convert to a store-supported type! You might want to check your annotation setup at the converter implementation.
2022-10-25 14:06:09 [main] WARN  o.s.data.convert.CustomConversions - Registering converter from interface java.util.Map to class org.springframework.data.geo.Point as reading converter although it doesn't convert from a store-supported type! You might want to check your annotation setup at the converter implementation.
2022-10-25 14:06:09 [main] WARN  o.s.data.convert.CustomConversions - Registering converter from class org.springframework.data.elasticsearch.core.geo.GeoPoint to interface java.util.Map as writing converter although it doesn't convert to a store-supported type! You might want to check your annotation setup at the converter implementation.
2022-10-25 14:06:09 [main] WARN  o.s.data.convert.CustomConversions - Registering converter from interface java.util.Map to class org.springframework.data.elasticsearch.core.geo.GeoPoint as reading converter although it doesn't convert from a store-supported type! You might want to check your annotation setup at the converter implementation.
2022-10-25 14:06:09 [main] INFO  o.s.d.e.support.VersionInfo - Version Spring Data Elasticsearch: 4.0.4.RELEASE
2022-10-25 14:06:09 [main] INFO  o.s.d.e.support.VersionInfo - Version Elasticsearch Client in build: 7.6.2
2022-10-25 14:06:09 [main] INFO  o.s.d.e.support.VersionInfo - Version Elasticsearch Client used: 7.9.1
2022-10-25 14:06:09 [main] WARN  o.s.d.e.support.VersionInfo - Version mismatch in between Elasticsearch Clients build/use: 7.6.2 - 7.9.1
2022-10-25 14:06:09 [main] INFO  o.s.d.e.support.VersionInfo - Version Elasticsearch cluster: 7.9.1
2022-10-25 14:06:10 [main] INFO  o.s.s.web.DefaultSecurityFilterChain - Creating filter chain: any request, [org.springframework.security.web.context.request.async.WebAsyncManagerIntegrationFilter@4cd5fc46, org.springframework.security.web.context.SecurityContextPersistenceFilter@8549c5f, org.springframework.security.web.header.HeaderWriterFilter@236fd411, org.springframework.security.web.authentication.logout.LogoutFilter@1be3f8f8, org.springframework.security.web.authentication.www.BasicAuthenticationFilter@7b3c0ecb, org.springframework.security.web.savedrequest.RequestCacheAwareFilter@50f3ba6a, org.springframework.security.web.servletapi.SecurityContextHolderAwareRequestFilter@160c7c42, org.springframework.security.web.authentication.AnonymousAuthenticationFilter@2965dd88, org.springframework.security.web.session.SessionManagementFilter@1a0ffb9b, org.springframework.security.web.access.ExceptionTranslationFilter@4e5d5ac1, org.springframework.security.web.access.intercept.FilterSecurityInterceptor@738a39cc]
2022-10-25 14:06:10 [main] INFO  o.s.s.c.ThreadPoolTaskExecutor - Initializing ExecutorService 'applicationTaskExecutor'
2022-10-25 14:06:11 [main] INFO  o.a.coyote.http11.Http11NioProtocol - Starting ProtocolHandler ["http-nio-8183"]
2022-10-25 14:06:11 [main] INFO  o.s.b.w.e.tomcat.TomcatWebServer - Tomcat started on port(s): 8183 (http) with context path '/elastic-query-service'
2022-10-25 14:06:11 [main] INFO  c.m.d.e.q.s.ElasticQueryServiceApplication - Started ElasticQueryServiceApplication in 8.16 seconds (JVM running for 8.953)
2022-10-25 14:09:36 [http-nio-8183-exec-2] INFO  o.a.c.c.C.[.[.[/elastic-query-service] - Initializing Spring DispatcherServlet 'dispatcherServlet'
2022-10-25 14:09:36 [http-nio-8183-exec-2] INFO  o.s.web.servlet.DispatcherServlet - Initializing Servlet 'dispatcherServlet'
2022-10-25 14:09:36 [http-nio-8183-exec-2] INFO  o.s.web.servlet.DispatcherServlet - Completed initialization in 10 ms
2022-10-25 14:09:36 [http-nio-8183-exec-2] WARN  o.a.c.util.SessionIdGeneratorBase - Creation of SecureRandom instance for session ID generation using [SHA1PRNG] took [216] milliseconds.
2022-10-25 14:09:36 [http-nio-8183-exec-2] INFO  c.m.d.e.q.s.b.i.TwitterElasticQueryService - Querying elasticsearch by id 1
2022-10-25 14:09:37 [http-nio-8183-exec-2] INFO  c.m.d.e.q.c.s.i.TwitterElasticRepositoryQueryClient - Document with id 1 retrieved successfully
2022-10-25 14:09:41 [http-nio-8183-exec-3] INFO  c.m.d.e.q.s.b.i.TwitterElasticQueryService - Querying elasticsearch by id 1
2022-10-25 14:09:41 [http-nio-8183-exec-3] INFO  c.m.d.e.q.c.s.i.TwitterElasticRepositoryQueryClient - Document with id 1 retrieved successfully
2022-10-25 14:24:42 [background-preinit] INFO  o.h.validator.internal.util.Version - HV000001: Hibernate Validator 6.1.5.Final
2022-10-25 14:24:43 [main] INFO  o.s.c.c.c.ConfigServicePropertySourceLocator - Fetching config from server at : http://localhost:8888
2022-10-25 14:24:45 [main] INFO  o.s.c.c.c.ConfigServicePropertySourceLocator - Located environment: name=elastic-query-service,config-client, profiles=[elastic_query], label=null, version=1be7c84200b97a1657962937f459f3c8dafbb7c4, state=null
2022-10-25 14:24:45 [main] INFO  o.s.c.b.c.PropertySourceBootstrapConfiguration - Located property source: [BootstrapPropertySource {name='bootstrapProperties-configClient'}, BootstrapPropertySource {name='bootstrapProperties-https://github.com/douglascwfung/spring-cloud-config-server-repo.git/config-client-elastic_query.yml'}, BootstrapPropertySource {name='bootstrapProperties-https://github.com/douglascwfung/spring-cloud-config-server-repo.git/config-client.yml'}]
2022-10-25 14:24:45 [main] INFO  c.m.d.e.q.s.ElasticQueryServiceApplication - The following profiles are active: elastic_query
2022-10-25 14:24:45 [main] INFO  o.s.d.r.c.RepositoryConfigurationDelegate - Bootstrapping Spring Data Elasticsearch repositories in DEFAULT mode.
2022-10-25 14:24:45 [main] INFO  o.s.d.r.c.RepositoryConfigurationDelegate - Finished Spring Data repository scanning in 69ms. Found 1 Elasticsearch repository interfaces.
2022-10-25 14:24:45 [main] INFO  o.s.d.r.c.RepositoryConfigurationDelegate - Bootstrapping Spring Data Reactive Elasticsearch repositories in DEFAULT mode.
2022-10-25 14:24:45 [main] INFO  o.s.d.r.c.RepositoryConfigurationDelegate - Finished Spring Data repository scanning in 11ms. Found 0 Reactive Elasticsearch repository interfaces.
2022-10-25 14:24:46 [main] INFO  o.s.cloud.context.scope.GenericScope - BeanFactory id=203f7540-1dd5-321f-9b21-5c202b4f4e34
2022-10-25 14:24:46 [main] INFO  o.s.b.w.e.tomcat.TomcatWebServer - Tomcat initialized with port(s): 8183 (http)
2022-10-25 14:24:46 [main] INFO  o.a.coyote.http11.Http11NioProtocol - Initializing ProtocolHandler ["http-nio-8183"]
2022-10-25 14:24:46 [main] INFO  o.a.catalina.core.StandardService - Starting service [Tomcat]
2022-10-25 14:24:46 [main] INFO  o.a.catalina.core.StandardEngine - Starting Servlet engine: [Apache Tomcat/9.0.38]
2022-10-25 14:24:46 [main] INFO  o.a.c.c.C.[.[.[/elastic-query-service] - Initializing Spring embedded WebApplicationContext
2022-10-25 14:24:46 [main] INFO  o.s.b.w.s.c.ServletWebServerApplicationContext - Root WebApplicationContext: initialization completed in 1927 ms
2022-10-25 14:24:47 [main] WARN  o.s.data.convert.CustomConversions - Registering converter from class org.springframework.data.geo.Point to interface java.util.Map as writing converter although it doesn't convert to a store-supported type! You might want to check your annotation setup at the converter implementation.
2022-10-25 14:24:47 [main] WARN  o.s.data.convert.CustomConversions - Registering converter from interface java.util.Map to class org.springframework.data.geo.Point as reading converter although it doesn't convert from a store-supported type! You might want to check your annotation setup at the converter implementation.
2022-10-25 14:24:47 [main] WARN  o.s.data.convert.CustomConversions - Registering converter from class org.springframework.data.elasticsearch.core.geo.GeoPoint to interface java.util.Map as writing converter although it doesn't convert to a store-supported type! You might want to check your annotation setup at the converter implementation.
2022-10-25 14:24:47 [main] WARN  o.s.data.convert.CustomConversions - Registering converter from interface java.util.Map to class org.springframework.data.elasticsearch.core.geo.GeoPoint as reading converter although it doesn't convert from a store-supported type! You might want to check your annotation setup at the converter implementation.
2022-10-25 14:24:47 [main] WARN  o.s.data.convert.CustomConversions - Registering converter from class org.springframework.data.geo.Point to interface java.util.Map as writing converter although it doesn't convert to a store-supported type! You might want to check your annotation setup at the converter implementation.
2022-10-25 14:24:47 [main] WARN  o.s.data.convert.CustomConversions - Registering converter from interface java.util.Map to class org.springframework.data.geo.Point as reading converter although it doesn't convert from a store-supported type! You might want to check your annotation setup at the converter implementation.
2022-10-25 14:24:47 [main] WARN  o.s.data.convert.CustomConversions - Registering converter from class org.springframework.data.elasticsearch.core.geo.GeoPoint to interface java.util.Map as writing converter although it doesn't convert to a store-supported type! You might want to check your annotation setup at the converter implementation.
2022-10-25 14:24:47 [main] WARN  o.s.data.convert.CustomConversions - Registering converter from interface java.util.Map to class org.springframework.data.elasticsearch.core.geo.GeoPoint as reading converter although it doesn't convert from a store-supported type! You might want to check your annotation setup at the converter implementation.
2022-10-25 14:24:47 [main] INFO  o.s.d.e.support.VersionInfo - Version Spring Data Elasticsearch: 4.0.4.RELEASE
2022-10-25 14:24:47 [main] INFO  o.s.d.e.support.VersionInfo - Version Elasticsearch Client in build: 7.6.2
2022-10-25 14:24:47 [main] INFO  o.s.d.e.support.VersionInfo - Version Elasticsearch Client used: 7.9.1
2022-10-25 14:24:47 [main] WARN  o.s.d.e.support.VersionInfo - Version mismatch in between Elasticsearch Clients build/use: 7.6.2 - 7.9.1
2022-10-25 14:24:47 [main] INFO  o.s.d.e.support.VersionInfo - Version Elasticsearch cluster: 7.9.1
2022-10-25 14:24:48 [main] INFO  o.s.s.web.DefaultSecurityFilterChain - Creating filter chain: any request, [org.springframework.security.web.context.request.async.WebAsyncManagerIntegrationFilter@42e202d7, org.springframework.security.web.context.SecurityContextPersistenceFilter@288409f0, org.springframework.security.web.header.HeaderWriterFilter@da5d5e1, org.springframework.security.web.authentication.logout.LogoutFilter@36a58466, org.springframework.security.web.authentication.www.BasicAuthenticationFilter@2e3900dc, org.springframework.security.web.savedrequest.RequestCacheAwareFilter@61eab26b, org.springframework.security.web.servletapi.SecurityContextHolderAwareRequestFilter@50f3ba6a, org.springframework.security.web.authentication.AnonymousAuthenticationFilter@38e7860c, org.springframework.security.web.session.SessionManagementFilter@727dcc64, org.springframework.security.web.access.ExceptionTranslationFilter@75a9cc24, org.springframework.security.web.access.intercept.FilterSecurityInterceptor@43ab0659]
2022-10-25 14:24:48 [main] INFO  o.s.s.c.ThreadPoolTaskExecutor - Initializing ExecutorService 'applicationTaskExecutor'
2022-10-25 14:24:49 [main] INFO  o.a.coyote.http11.Http11NioProtocol - Starting ProtocolHandler ["http-nio-8183"]
2022-10-25 14:24:49 [main] INFO  o.s.b.w.e.tomcat.TomcatWebServer - Tomcat started on port(s): 8183 (http) with context path '/elastic-query-service'
2022-10-25 14:24:49 [main] INFO  c.m.d.e.q.s.ElasticQueryServiceApplication - Started ElasticQueryServiceApplication in 8.893 seconds (JVM running for 9.835)
2022-10-25 14:25:16 [http-nio-8183-exec-2] INFO  o.a.c.c.C.[.[.[/elastic-query-service] - Initializing Spring DispatcherServlet 'dispatcherServlet'
2022-10-25 14:25:16 [http-nio-8183-exec-2] INFO  o.s.web.servlet.DispatcherServlet - Initializing Servlet 'dispatcherServlet'
2022-10-25 14:25:16 [http-nio-8183-exec-2] INFO  o.s.web.servlet.DispatcherServlet - Completed initialization in 8 ms
2022-10-25 14:25:17 [http-nio-8183-exec-2] WARN  o.a.c.util.SessionIdGeneratorBase - Creation of SecureRandom instance for session ID generation using [SHA1PRNG] took [204] milliseconds.
2022-10-25 14:25:17 [http-nio-8183-exec-2] INFO  c.m.d.e.q.s.b.i.TwitterElasticQueryService - Querying elasticsearch by id 1
2022-10-25 14:25:17 [http-nio-8183-exec-2] INFO  c.m.d.e.q.c.s.i.TwitterElasticRepositoryQueryClient - Document with id 1 retrieved successfully
2022-10-25 14:25:24 [http-nio-8183-exec-3] INFO  c.m.d.e.q.s.b.i.TwitterElasticQueryService - Querying elasticsearch by id 1
2022-10-25 14:25:24 [http-nio-8183-exec-3] INFO  c.m.d.e.q.c.s.i.TwitterElasticRepositoryQueryClient - Document with id 1 retrieved successfully
2022-10-25 14:45:26 [background-preinit] INFO  o.h.validator.internal.util.Version - HV000001: Hibernate Validator 6.1.5.Final
2022-10-25 14:45:27 [main] INFO  o.s.c.c.c.ConfigServicePropertySourceLocator - Fetching config from server at : http://localhost:8888
2022-10-25 14:45:29 [main] INFO  o.s.c.c.c.ConfigServicePropertySourceLocator - Located environment: name=elastic-query-service,config-client, profiles=[elastic_query], label=null, version=0dddd62fbdba23fead05a33f4a9fe600745ff990, state=null
2022-10-25 14:45:29 [main] INFO  o.s.c.b.c.PropertySourceBootstrapConfiguration - Located property source: [BootstrapPropertySource {name='bootstrapProperties-configClient'}, BootstrapPropertySource {name='bootstrapProperties-https://github.com/douglascwfung/spring-cloud-config-server-repo.git/config-client-elastic_query.yml'}, BootstrapPropertySource {name='bootstrapProperties-https://github.com/douglascwfung/spring-cloud-config-server-repo.git/config-client.yml'}]
2022-10-25 14:45:29 [main] INFO  c.m.d.e.q.s.ElasticQueryServiceApplication - The following profiles are active: elastic_query
2022-10-25 14:45:30 [main] INFO  o.s.d.r.c.RepositoryConfigurationDelegate - Bootstrapping Spring Data Elasticsearch repositories in DEFAULT mode.
2022-10-25 14:45:30 [main] INFO  o.s.d.r.c.RepositoryConfigurationDelegate - Finished Spring Data repository scanning in 62ms. Found 1 Elasticsearch repository interfaces.
2022-10-25 14:45:30 [main] INFO  o.s.d.r.c.RepositoryConfigurationDelegate - Bootstrapping Spring Data Reactive Elasticsearch repositories in DEFAULT mode.
2022-10-25 14:45:30 [main] INFO  o.s.d.r.c.RepositoryConfigurationDelegate - Finished Spring Data repository scanning in 14ms. Found 0 Reactive Elasticsearch repository interfaces.
2022-10-25 14:45:31 [main] INFO  o.s.cloud.context.scope.GenericScope - BeanFactory id=79785c79-a8e9-3422-954f-bd71c2d6df4e
2022-10-25 14:45:31 [main] INFO  o.s.b.w.e.tomcat.TomcatWebServer - Tomcat initialized with port(s): 8183 (http)
2022-10-25 14:45:31 [main] INFO  o.a.coyote.http11.Http11NioProtocol - Initializing ProtocolHandler ["http-nio-8183"]
2022-10-25 14:45:31 [main] INFO  o.a.catalina.core.StandardService - Starting service [Tomcat]
2022-10-25 14:45:31 [main] INFO  o.a.catalina.core.StandardEngine - Starting Servlet engine: [Apache Tomcat/9.0.38]
2022-10-25 14:45:32 [main] INFO  o.a.c.c.C.[.[.[/elastic-query-service] - Initializing Spring embedded WebApplicationContext
2022-10-25 14:45:32 [main] INFO  o.s.b.w.s.c.ServletWebServerApplicationContext - Root WebApplicationContext: initialization completed in 1985 ms
2022-10-25 14:45:32 [main] WARN  o.s.data.convert.CustomConversions - Registering converter from class org.springframework.data.geo.Point to interface java.util.Map as writing converter although it doesn't convert to a store-supported type! You might want to check your annotation setup at the converter implementation.
2022-10-25 14:45:32 [main] WARN  o.s.data.convert.CustomConversions - Registering converter from interface java.util.Map to class org.springframework.data.geo.Point as reading converter although it doesn't convert from a store-supported type! You might want to check your annotation setup at the converter implementation.
2022-10-25 14:45:32 [main] WARN  o.s.data.convert.CustomConversions - Registering converter from class org.springframework.data.elasticsearch.core.geo.GeoPoint to interface java.util.Map as writing converter although it doesn't convert to a store-supported type! You might want to check your annotation setup at the converter implementation.
2022-10-25 14:45:32 [main] WARN  o.s.data.convert.CustomConversions - Registering converter from interface java.util.Map to class org.springframework.data.elasticsearch.core.geo.GeoPoint as reading converter although it doesn't convert from a store-supported type! You might want to check your annotation setup at the converter implementation.
2022-10-25 14:45:32 [main] WARN  o.s.data.convert.CustomConversions - Registering converter from class org.springframework.data.geo.Point to interface java.util.Map as writing converter although it doesn't convert to a store-supported type! You might want to check your annotation setup at the converter implementation.
2022-10-25 14:45:32 [main] WARN  o.s.data.convert.CustomConversions - Registering converter from interface java.util.Map to class org.springframework.data.geo.Point as reading converter although it doesn't convert from a store-supported type! You might want to check your annotation setup at the converter implementation.
2022-10-25 14:45:32 [main] WARN  o.s.data.convert.CustomConversions - Registering converter from class org.springframework.data.elasticsearch.core.geo.GeoPoint to interface java.util.Map as writing converter although it doesn't convert to a store-supported type! You might want to check your annotation setup at the converter implementation.
2022-10-25 14:45:32 [main] WARN  o.s.data.convert.CustomConversions - Registering converter from interface java.util.Map to class org.springframework.data.elasticsearch.core.geo.GeoPoint as reading converter although it doesn't convert from a store-supported type! You might want to check your annotation setup at the converter implementation.
2022-10-25 14:45:32 [main] INFO  o.s.d.e.support.VersionInfo - Version Spring Data Elasticsearch: 4.0.4.RELEASE
2022-10-25 14:45:32 [main] INFO  o.s.d.e.support.VersionInfo - Version Elasticsearch Client in build: 7.6.2
2022-10-25 14:45:32 [main] INFO  o.s.d.e.support.VersionInfo - Version Elasticsearch Client used: 7.9.1
2022-10-25 14:45:32 [main] WARN  o.s.d.e.support.VersionInfo - Version mismatch in between Elasticsearch Clients build/use: 7.6.2 - 7.9.1
2022-10-25 14:45:32 [main] INFO  o.s.d.e.support.VersionInfo - Version Elasticsearch cluster: 7.9.1
2022-10-25 14:45:33 [main] INFO  o.s.s.web.DefaultSecurityFilterChain - Creating filter chain: Ant [pattern='/api-docs'], []
2022-10-25 14:45:33 [main] INFO  o.s.s.web.DefaultSecurityFilterChain - Creating filter chain: any request, [org.springframework.security.web.context.request.async.WebAsyncManagerIntegrationFilter@4e756867, org.springframework.security.web.context.SecurityContextPersistenceFilter@7402c49f, org.springframework.security.web.header.HeaderWriterFilter@792e8181, org.springframework.security.web.authentication.logout.LogoutFilter@12d44a2a, org.springframework.security.web.authentication.www.BasicAuthenticationFilter@37b238da, org.springframework.security.web.savedrequest.RequestCacheAwareFilter@2382b2f, org.springframework.security.web.servletapi.SecurityContextHolderAwareRequestFilter@6ca33187, org.springframework.security.web.authentication.AnonymousAuthenticationFilter@38ebc866, org.springframework.security.web.session.SessionManagementFilter@76b05c0, org.springframework.security.web.access.ExceptionTranslationFilter@38826984, org.springframework.security.web.access.intercept.FilterSecurityInterceptor@2cdb5974]
2022-10-25 14:45:33 [main] INFO  o.s.s.c.ThreadPoolTaskExecutor - Initializing ExecutorService 'applicationTaskExecutor'
2022-10-25 14:45:35 [main] INFO  o.a.coyote.http11.Http11NioProtocol - Starting ProtocolHandler ["http-nio-8183"]
2022-10-25 14:45:35 [main] INFO  o.s.b.w.e.tomcat.TomcatWebServer - Tomcat started on port(s): 8183 (http) with context path '/elastic-query-service'
2022-10-25 14:45:35 [main] INFO  c.m.d.e.q.s.ElasticQueryServiceApplication - Started ElasticQueryServiceApplication in 9.949 seconds (JVM running for 11.009)
2022-10-25 14:46:29 [http-nio-8183-exec-1] INFO  o.a.c.c.C.[.[.[/elastic-query-service] - Initializing Spring DispatcherServlet 'dispatcherServlet'
2022-10-25 14:46:29 [http-nio-8183-exec-1] INFO  o.s.web.servlet.DispatcherServlet - Initializing Servlet 'dispatcherServlet'
2022-10-25 14:46:29 [http-nio-8183-exec-1] INFO  o.s.web.servlet.DispatcherServlet - Completed initialization in 8 ms
2022-10-25 14:46:29 [http-nio-8183-exec-1] INFO  o.s.api.AbstractOpenApiResource - Init duration for springdoc-openapi is: 396 ms
2022-10-25 14:46:58 [http-nio-8183-exec-3] WARN  o.a.c.util.SessionIdGeneratorBase - Creation of SecureRandom instance for session ID generation using [SHA1PRNG] took [199] milliseconds.
2022-10-25 14:54:39 [http-nio-8183-exec-10] INFO  c.m.d.e.q.s.b.i.TwitterElasticQueryService - Querying elasticsearch by id 1
2022-10-25 14:54:39 [http-nio-8183-exec-10] INFO  c.m.d.e.q.c.s.i.TwitterElasticRepositoryQueryClient - Document with id 1 retrieved successfully
2022-10-25 14:54:42 [http-nio-8183-exec-6] INFO  c.m.d.e.q.s.b.i.TwitterElasticQueryService - Querying elasticsearch by id 1
2022-10-25 14:54:42 [http-nio-8183-exec-6] INFO  c.m.d.e.q.c.s.i.TwitterElasticRepositoryQueryClient - Document with id 1 retrieved successfully
2022-10-25 21:29:46 [background-preinit] INFO  o.h.validator.internal.util.Version - HV000001: Hibernate Validator 6.1.5.Final
2022-10-25 21:29:47 [main] INFO  o.s.c.c.c.ConfigServicePropertySourceLocator - Fetching config from server at : http://localhost:8888
2022-10-25 21:29:49 [main] INFO  o.s.c.c.c.ConfigServicePropertySourceLocator - Located environment: name=elastic-query-service,config-client, profiles=[elastic_query], label=null, version=180b0c7ebdcb692748ed0576acf447ed116e9d0d, state=null
2022-10-25 21:29:49 [main] INFO  o.s.c.b.c.PropertySourceBootstrapConfiguration - Located property source: [BootstrapPropertySource {name='bootstrapProperties-configClient'}, BootstrapPropertySource {name='bootstrapProperties-https://github.com/douglascwfung/spring-cloud-config-server-repo.git/config-client-elastic_query.yml'}, BootstrapPropertySource {name='bootstrapProperties-https://github.com/douglascwfung/spring-cloud-config-server-repo.git/config-client.yml'}]
2022-10-25 21:29:49 [main] INFO  c.m.d.e.q.s.ElasticQueryServiceApplication - The following profiles are active: elastic_query
2022-10-25 21:29:49 [main] INFO  o.s.d.r.c.RepositoryConfigurationDelegate - Bootstrapping Spring Data Elasticsearch repositories in DEFAULT mode.
2022-10-25 21:29:50 [main] INFO  o.s.d.r.c.RepositoryConfigurationDelegate - Finished Spring Data repository scanning in 70ms. Found 1 Elasticsearch repository interfaces.
2022-10-25 21:29:50 [main] INFO  o.s.d.r.c.RepositoryConfigurationDelegate - Bootstrapping Spring Data Reactive Elasticsearch repositories in DEFAULT mode.
2022-10-25 21:29:50 [main] INFO  o.s.d.r.c.RepositoryConfigurationDelegate - Finished Spring Data repository scanning in 13ms. Found 0 Reactive Elasticsearch repository interfaces.
2022-10-25 21:29:50 [main] INFO  o.s.cloud.context.scope.GenericScope - BeanFactory id=6be93fd1-3670-36c3-ba1d-0febf1d203af
2022-10-25 21:29:51 [main] INFO  o.s.b.w.e.tomcat.TomcatWebServer - Tomcat initialized with port(s): 8183 (http)
2022-10-25 21:29:51 [main] INFO  o.a.coyote.http11.Http11NioProtocol - Initializing ProtocolHandler ["http-nio-8183"]
2022-10-25 21:29:51 [main] INFO  o.a.catalina.core.StandardService - Starting service [Tomcat]
2022-10-25 21:29:51 [main] INFO  o.a.catalina.core.StandardEngine - Starting Servlet engine: [Apache Tomcat/9.0.38]
2022-10-25 21:29:51 [main] INFO  o.a.c.c.C.[.[.[/elastic-query-service] - Initializing Spring embedded WebApplicationContext
2022-10-25 21:29:51 [main] INFO  o.s.b.w.s.c.ServletWebServerApplicationContext - Root WebApplicationContext: initialization completed in 1939 ms
2022-10-25 21:29:51 [main] WARN  o.s.data.convert.CustomConversions - Registering converter from class org.springframework.data.geo.Point to interface java.util.Map as writing converter although it doesn't convert to a store-supported type! You might want to check your annotation setup at the converter implementation.
2022-10-25 21:29:51 [main] WARN  o.s.data.convert.CustomConversions - Registering converter from interface java.util.Map to class org.springframework.data.geo.Point as reading converter although it doesn't convert from a store-supported type! You might want to check your annotation setup at the converter implementation.
2022-10-25 21:29:51 [main] WARN  o.s.data.convert.CustomConversions - Registering converter from class org.springframework.data.elasticsearch.core.geo.GeoPoint to interface java.util.Map as writing converter although it doesn't convert to a store-supported type! You might want to check your annotation setup at the converter implementation.
2022-10-25 21:29:51 [main] WARN  o.s.data.convert.CustomConversions - Registering converter from interface java.util.Map to class org.springframework.data.elasticsearch.core.geo.GeoPoint as reading converter although it doesn't convert from a store-supported type! You might want to check your annotation setup at the converter implementation.
2022-10-25 21:29:51 [main] WARN  o.s.data.convert.CustomConversions - Registering converter from class org.springframework.data.geo.Point to interface java.util.Map as writing converter although it doesn't convert to a store-supported type! You might want to check your annotation setup at the converter implementation.
2022-10-25 21:29:51 [main] WARN  o.s.data.convert.CustomConversions - Registering converter from interface java.util.Map to class org.springframework.data.geo.Point as reading converter although it doesn't convert from a store-supported type! You might want to check your annotation setup at the converter implementation.
2022-10-25 21:29:51 [main] WARN  o.s.data.convert.CustomConversions - Registering converter from class org.springframework.data.elasticsearch.core.geo.GeoPoint to interface java.util.Map as writing converter although it doesn't convert to a store-supported type! You might want to check your annotation setup at the converter implementation.
2022-10-25 21:29:51 [main] WARN  o.s.data.convert.CustomConversions - Registering converter from interface java.util.Map to class org.springframework.data.elasticsearch.core.geo.GeoPoint as reading converter although it doesn't convert from a store-supported type! You might want to check your annotation setup at the converter implementation.
2022-10-25 21:29:52 [main] INFO  o.s.d.e.support.VersionInfo - Version Spring Data Elasticsearch: 4.0.4.RELEASE
2022-10-25 21:29:52 [main] INFO  o.s.d.e.support.VersionInfo - Version Elasticsearch Client in build: 7.6.2
2022-10-25 21:29:52 [main] INFO  o.s.d.e.support.VersionInfo - Version Elasticsearch Client used: 7.9.1
2022-10-25 21:29:52 [main] WARN  o.s.d.e.support.VersionInfo - Version mismatch in between Elasticsearch Clients build/use: 7.6.2 - 7.9.1
2022-10-25 21:29:52 [main] INFO  o.s.d.e.support.VersionInfo - Version Elasticsearch cluster: 7.9.1
2022-10-25 21:29:52 [main] INFO  o.s.s.web.DefaultSecurityFilterChain - Creating filter chain: Ant [pattern='/api-docs'], []
2022-10-25 21:29:52 [main] INFO  o.s.s.web.DefaultSecurityFilterChain - Creating filter chain: any request, [org.springframework.security.web.context.request.async.WebAsyncManagerIntegrationFilter@772cf46b, org.springframework.security.web.context.SecurityContextPersistenceFilter@7cbf4f8c, org.springframework.security.web.header.HeaderWriterFilter@2430cf17, org.springframework.security.web.authentication.logout.LogoutFilter@68454ed5, org.springframework.security.web.authentication.www.BasicAuthenticationFilter@1bb4c431, org.springframework.security.web.savedrequest.RequestCacheAwareFilter@3eff6846, org.springframework.security.web.servletapi.SecurityContextHolderAwareRequestFilter@7434ee13, org.springframework.security.web.authentication.AnonymousAuthenticationFilter@1b98355f, org.springframework.security.web.session.SessionManagementFilter@71734463, org.springframework.security.web.access.ExceptionTranslationFilter@23bd2f6e, org.springframework.security.web.access.intercept.FilterSecurityInterceptor@38ebc866]
2022-10-25 21:29:53 [main] INFO  o.s.s.c.ThreadPoolTaskExecutor - Initializing ExecutorService 'applicationTaskExecutor'
2022-10-25 21:29:54 [main] INFO  o.a.coyote.http11.Http11NioProtocol - Starting ProtocolHandler ["http-nio-8183"]
2022-10-25 21:29:54 [main] INFO  o.s.b.w.e.tomcat.TomcatWebServer - Tomcat started on port(s): 8183 (http) with context path '/elastic-query-service'
2022-10-25 21:29:55 [main] INFO  c.m.d.e.q.s.ElasticQueryServiceApplication - Started ElasticQueryServiceApplication in 9.483 seconds (JVM running for 10.51)
2022-10-25 21:30:08 [http-nio-8183-exec-1] INFO  o.a.c.c.C.[.[.[/elastic-query-service] - Initializing Spring DispatcherServlet 'dispatcherServlet'
2022-10-25 21:30:08 [http-nio-8183-exec-1] INFO  o.s.web.servlet.DispatcherServlet - Initializing Servlet 'dispatcherServlet'
2022-10-25 21:30:08 [http-nio-8183-exec-1] INFO  o.s.web.servlet.DispatcherServlet - Completed initialization in 7 ms
2022-10-25 21:30:08 [http-nio-8183-exec-1] WARN  o.a.c.util.SessionIdGeneratorBase - Creation of SecureRandom instance for session ID generation using [SHA1PRNG] took [201] milliseconds.
2022-10-25 21:30:09 [http-nio-8183-exec-1] INFO  c.m.d.e.q.s.b.i.TwitterElasticQueryService - Querying elasticsearch by text 1
2022-10-25 21:30:09 [http-nio-8183-exec-1] INFO  c.m.d.e.q.c.s.i.TwitterElasticRepositoryQueryClient - 0 of documents with text 1 retrieved successfully
2022-10-25 21:30:09 [http-nio-8183-exec-1] INFO  c.m.d.e.q.s.a.ElasticDocumentController - Elasticsearch returned 0 of documents
2022-10-25 21:30:13 [http-nio-8183-exec-2] INFO  c.m.d.e.q.s.b.i.TwitterElasticQueryService - Querying elasticsearch by text 2
2022-10-25 21:30:13 [http-nio-8183-exec-2] INFO  c.m.d.e.q.c.s.i.TwitterElasticRepositoryQueryClient - 0 of documents with text 2 retrieved successfully
2022-10-25 21:30:13 [http-nio-8183-exec-2] INFO  c.m.d.e.q.s.a.ElasticDocumentController - Elasticsearch returned 0 of documents
2022-10-25 21:30:17 [http-nio-8183-exec-6] INFO  c.m.d.e.q.s.b.i.TwitterElasticQueryService - Querying elasticsearch by text 3
2022-10-25 21:30:17 [http-nio-8183-exec-6] INFO  c.m.d.e.q.c.s.i.TwitterElasticRepositoryQueryClient - 0 of documents with text 3 retrieved successfully
2022-10-25 21:30:17 [http-nio-8183-exec-6] INFO  c.m.d.e.q.s.a.ElasticDocumentController - Elasticsearch returned 0 of documents
2022-10-25 21:30:22 [http-nio-8183-exec-3] INFO  c.m.d.e.q.s.b.i.TwitterElasticQueryService - Querying elasticsearch by text kafka
2022-10-25 21:30:22 [http-nio-8183-exec-3] INFO  c.m.d.e.q.c.s.i.TwitterElasticRepositoryQueryClient - 33 of documents with text kafka retrieved successfully
2022-10-25 21:30:22 [http-nio-8183-exec-3] INFO  c.m.d.e.q.s.a.ElasticDocumentController - Elasticsearch returned 33 of documents
