2022-10-26 02:03:46 [background-preinit] INFO  o.h.validator.internal.util.Version - HV000001: Hibernate Validator 6.1.5.Final
2022-10-26 02:03:48 [main] INFO  o.s.c.c.c.ConfigServicePropertySourceLocator - Fetching config from server at : http://config-server:8888
2022-10-26 02:03:49 [main] INFO  o.s.c.c.c.ConfigServicePropertySourceLocator - Located environment: name=elastic-query-service,config-client, profiles=[elastic_query], label=null, version=4d3c65cb164011568c0e053170960774ea23b935, state=null
2022-10-26 02:03:49 [main] INFO  o.s.c.b.c.PropertySourceBootstrapConfiguration - Located property source: [BootstrapPropertySource {name='bootstrapProperties-configClient'}, BootstrapPropertySource {name='bootstrapProperties-https://github.com/douglascwfung/spring-cloud-config-server-repo.git/config-client-elastic_query.yml'}, BootstrapPropertySource {name='bootstrapProperties-https://github.com/douglascwfung/spring-cloud-config-server-repo.git/config-client.yml'}]
2022-10-26 02:03:49 [main] INFO  c.m.d.e.q.s.ElasticQueryServiceApplication - The following profiles are active: elastic_query
2022-10-26 02:03:50 [main] INFO  o.s.d.r.c.RepositoryConfigurationDelegate - Bootstrapping Spring Data Elasticsearch repositories in DEFAULT mode.
2022-10-26 02:03:50 [main] INFO  o.s.d.r.c.RepositoryConfigurationDelegate - Finished Spring Data repository scanning in 111ms. Found 1 Elasticsearch repository interfaces.
2022-10-26 02:03:51 [main] INFO  o.s.d.r.c.RepositoryConfigurationDelegate - Bootstrapping Spring Data Reactive Elasticsearch repositories in DEFAULT mode.
2022-10-26 02:03:51 [main] INFO  o.s.d.r.c.RepositoryConfigurationDelegate - Finished Spring Data repository scanning in 18ms. Found 0 Reactive Elasticsearch repository interfaces.
2022-10-26 02:03:51 [main] INFO  o.s.cloud.context.scope.GenericScope - BeanFactory id=6be93fd1-3670-36c3-ba1d-0febf1d203af
2022-10-26 02:03:51 [main] INFO  o.s.b.w.e.tomcat.TomcatWebServer - Tomcat initialized with port(s): 8183 (http)
2022-10-26 02:03:51 [main] INFO  o.a.coyote.http11.Http11NioProtocol - Initializing ProtocolHandler ["http-nio-8183"]
2022-10-26 02:03:51 [main] INFO  o.a.catalina.core.StandardService - Starting service [Tomcat]
2022-10-26 02:03:51 [main] INFO  o.a.catalina.core.StandardEngine - Starting Servlet engine: [Apache Tomcat/9.0.38]
2022-10-26 02:03:52 [main] INFO  o.a.c.c.C.[.[.[/elastic-query-service] - Initializing Spring embedded WebApplicationContext
2022-10-26 02:03:52 [main] INFO  o.s.b.w.s.c.ServletWebServerApplicationContext - Root WebApplicationContext: initialization completed in 2264 ms
2022-10-26 02:03:52 [main] WARN  o.s.data.convert.CustomConversions - Registering converter from class org.springframework.data.geo.Point to interface java.util.Map as writing converter although it doesn't convert to a store-supported type! You might want to check your annotation setup at the converter implementation.
2022-10-26 02:03:52 [main] WARN  o.s.data.convert.CustomConversions - Registering converter from interface java.util.Map to class org.springframework.data.geo.Point as reading converter although it doesn't convert from a store-supported type! You might want to check your annotation setup at the converter implementation.
2022-10-26 02:03:52 [main] WARN  o.s.data.convert.CustomConversions - Registering converter from class org.springframework.data.elasticsearch.core.geo.GeoPoint to interface java.util.Map as writing converter although it doesn't convert to a store-supported type! You might want to check your annotation setup at the converter implementation.
2022-10-26 02:03:52 [main] WARN  o.s.data.convert.CustomConversions - Registering converter from interface java.util.Map to class org.springframework.data.elasticsearch.core.geo.GeoPoint as reading converter although it doesn't convert from a store-supported type! You might want to check your annotation setup at the converter implementation.
2022-10-26 02:03:52 [main] WARN  o.s.data.convert.CustomConversions - Registering converter from class org.springframework.data.geo.Point to interface java.util.Map as writing converter although it doesn't convert to a store-supported type! You might want to check your annotation setup at the converter implementation.
2022-10-26 02:03:52 [main] WARN  o.s.data.convert.CustomConversions - Registering converter from interface java.util.Map to class org.springframework.data.geo.Point as reading converter although it doesn't convert from a store-supported type! You might want to check your annotation setup at the converter implementation.
2022-10-26 02:03:52 [main] WARN  o.s.data.convert.CustomConversions - Registering converter from class org.springframework.data.elasticsearch.core.geo.GeoPoint to interface java.util.Map as writing converter although it doesn't convert to a store-supported type! You might want to check your annotation setup at the converter implementation.
2022-10-26 02:03:52 [main] WARN  o.s.data.convert.CustomConversions - Registering converter from interface java.util.Map to class org.springframework.data.elasticsearch.core.geo.GeoPoint as reading converter although it doesn't convert from a store-supported type! You might want to check your annotation setup at the converter implementation.
2022-10-26 02:03:53 [main] INFO  o.s.d.e.support.VersionInfo - Version Spring Data Elasticsearch: 4.0.4.RELEASE
2022-10-26 02:03:53 [main] INFO  o.s.d.e.support.VersionInfo - Version Elasticsearch Client in build: 7.6.2
2022-10-26 02:03:53 [main] INFO  o.s.d.e.support.VersionInfo - Version Elasticsearch Client used: 7.9.1
2022-10-26 02:03:53 [main] WARN  o.s.d.e.support.VersionInfo - Version mismatch in between Elasticsearch Clients build/use: 7.6.2 - 7.9.1
2022-10-26 02:03:53 [main] INFO  o.s.d.e.support.VersionInfo - Version Elasticsearch cluster: 7.9.1
2022-10-26 02:03:54 [main] INFO  o.s.s.web.DefaultSecurityFilterChain - Creating filter chain: Ant [pattern='/api-docs'], []
2022-10-26 02:03:54 [main] INFO  o.s.s.web.DefaultSecurityFilterChain - Creating filter chain: any request, [org.springframework.security.web.context.request.async.WebAsyncManagerIntegrationFilter@405603b6, org.springframework.security.web.context.SecurityContextPersistenceFilter@377e90b0, org.springframework.security.web.header.HeaderWriterFilter@3d98729a, org.springframework.security.web.authentication.logout.LogoutFilter@270b8c2a, org.springframework.security.web.authentication.www.BasicAuthenticationFilter@472719df, org.springframework.security.web.savedrequest.RequestCacheAwareFilter@36cf16a6, org.springframework.security.web.servletapi.SecurityContextHolderAwareRequestFilter@5bf7f15f, org.springframework.security.web.authentication.AnonymousAuthenticationFilter@3c3cd13a, org.springframework.security.web.session.SessionManagementFilter@7b2d58e6, org.springframework.security.web.access.ExceptionTranslationFilter@2739ecc0, org.springframework.security.web.access.intercept.FilterSecurityInterceptor@1aee6d14]
2022-10-26 02:03:54 [main] INFO  o.s.s.c.ThreadPoolTaskExecutor - Initializing ExecutorService 'applicationTaskExecutor'
2022-10-26 02:03:55 [main] INFO  o.a.coyote.http11.Http11NioProtocol - Starting ProtocolHandler ["http-nio-8183"]
2022-10-26 02:03:55 [main] INFO  o.s.b.w.e.tomcat.TomcatWebServer - Tomcat started on port(s): 8183 (http) with context path '/elastic-query-service'
2022-10-26 02:03:55 [main] INFO  c.m.d.e.q.s.ElasticQueryServiceApplication - Started ElasticQueryServiceApplication in 9.79 seconds (JVM running for 11.155)
2022-10-26 02:04:51 [background-preinit] INFO  o.h.validator.internal.util.Version - HV000001: Hibernate Validator 6.1.5.Final
2022-10-26 02:04:52 [main] INFO  o.s.c.c.c.ConfigServicePropertySourceLocator - Fetching config from server at : http://config-server:8888
2022-10-26 02:04:53 [main] INFO  o.s.c.c.c.ConfigServicePropertySourceLocator - Located environment: name=elastic-query-service,config-client, profiles=[elastic_query], label=null, version=4d3c65cb164011568c0e053170960774ea23b935, state=null
2022-10-26 02:04:53 [main] INFO  o.s.c.b.c.PropertySourceBootstrapConfiguration - Located property source: [BootstrapPropertySource {name='bootstrapProperties-configClient'}, BootstrapPropertySource {name='bootstrapProperties-https://github.com/douglascwfung/spring-cloud-config-server-repo.git/config-client-elastic_query.yml'}, BootstrapPropertySource {name='bootstrapProperties-https://github.com/douglascwfung/spring-cloud-config-server-repo.git/config-client.yml'}]
2022-10-26 02:04:53 [main] INFO  c.m.d.e.q.s.ElasticQueryServiceApplication - The following profiles are active: elastic_query
2022-10-26 02:04:54 [main] INFO  o.s.d.r.c.RepositoryConfigurationDelegate - Bootstrapping Spring Data Elasticsearch repositories in DEFAULT mode.
2022-10-26 02:04:54 [main] INFO  o.s.d.r.c.RepositoryConfigurationDelegate - Finished Spring Data repository scanning in 82ms. Found 1 Elasticsearch repository interfaces.
2022-10-26 02:04:55 [main] INFO  o.s.d.r.c.RepositoryConfigurationDelegate - Bootstrapping Spring Data Reactive Elasticsearch repositories in DEFAULT mode.
2022-10-26 02:04:55 [main] INFO  o.s.d.r.c.RepositoryConfigurationDelegate - Finished Spring Data repository scanning in 13ms. Found 0 Reactive Elasticsearch repository interfaces.
2022-10-26 02:04:55 [main] INFO  o.s.cloud.context.scope.GenericScope - BeanFactory id=6be93fd1-3670-36c3-ba1d-0febf1d203af
2022-10-26 02:04:55 [main] INFO  o.s.b.w.e.tomcat.TomcatWebServer - Tomcat initialized with port(s): 8185 (http)
2022-10-26 02:04:55 [main] INFO  o.a.coyote.http11.Http11NioProtocol - Initializing ProtocolHandler ["http-nio-8185"]
2022-10-26 02:04:55 [main] INFO  o.a.catalina.core.StandardService - Starting service [Tomcat]
2022-10-26 02:04:55 [main] INFO  o.a.catalina.core.StandardEngine - Starting Servlet engine: [Apache Tomcat/9.0.38]
2022-10-26 02:04:56 [main] INFO  o.a.c.c.C.[.[.[/elastic-query-service] - Initializing Spring embedded WebApplicationContext
2022-10-26 02:04:56 [main] INFO  o.s.b.w.s.c.ServletWebServerApplicationContext - Root WebApplicationContext: initialization completed in 2040 ms
2022-10-26 02:04:56 [main] WARN  o.s.data.convert.CustomConversions - Registering converter from class org.springframework.data.geo.Point to interface java.util.Map as writing converter although it doesn't convert to a store-supported type! You might want to check your annotation setup at the converter implementation.
2022-10-26 02:04:56 [main] WARN  o.s.data.convert.CustomConversions - Registering converter from interface java.util.Map to class org.springframework.data.geo.Point as reading converter although it doesn't convert from a store-supported type! You might want to check your annotation setup at the converter implementation.
2022-10-26 02:04:56 [main] WARN  o.s.data.convert.CustomConversions - Registering converter from class org.springframework.data.elasticsearch.core.geo.GeoPoint to interface java.util.Map as writing converter although it doesn't convert to a store-supported type! You might want to check your annotation setup at the converter implementation.
2022-10-26 02:04:56 [main] WARN  o.s.data.convert.CustomConversions - Registering converter from interface java.util.Map to class org.springframework.data.elasticsearch.core.geo.GeoPoint as reading converter although it doesn't convert from a store-supported type! You might want to check your annotation setup at the converter implementation.
2022-10-26 02:04:56 [main] WARN  o.s.data.convert.CustomConversions - Registering converter from class org.springframework.data.geo.Point to interface java.util.Map as writing converter although it doesn't convert to a store-supported type! You might want to check your annotation setup at the converter implementation.
2022-10-26 02:04:56 [main] WARN  o.s.data.convert.CustomConversions - Registering converter from interface java.util.Map to class org.springframework.data.geo.Point as reading converter although it doesn't convert from a store-supported type! You might want to check your annotation setup at the converter implementation.
2022-10-26 02:04:56 [main] WARN  o.s.data.convert.CustomConversions - Registering converter from class org.springframework.data.elasticsearch.core.geo.GeoPoint to interface java.util.Map as writing converter although it doesn't convert to a store-supported type! You might want to check your annotation setup at the converter implementation.
2022-10-26 02:04:56 [main] WARN  o.s.data.convert.CustomConversions - Registering converter from interface java.util.Map to class org.springframework.data.elasticsearch.core.geo.GeoPoint as reading converter although it doesn't convert from a store-supported type! You might want to check your annotation setup at the converter implementation.
2022-10-26 02:04:56 [main] INFO  o.s.d.e.support.VersionInfo - Version Spring Data Elasticsearch: 4.0.4.RELEASE
2022-10-26 02:04:56 [main] INFO  o.s.d.e.support.VersionInfo - Version Elasticsearch Client in build: 7.6.2
2022-10-26 02:04:56 [main] INFO  o.s.d.e.support.VersionInfo - Version Elasticsearch Client used: 7.9.1
2022-10-26 02:04:56 [main] WARN  o.s.d.e.support.VersionInfo - Version mismatch in between Elasticsearch Clients build/use: 7.6.2 - 7.9.1
2022-10-26 02:04:56 [main] INFO  o.s.d.e.support.VersionInfo - Version Elasticsearch cluster: 7.9.1
2022-10-26 02:04:57 [main] INFO  o.s.s.web.DefaultSecurityFilterChain - Creating filter chain: Ant [pattern='/api-docs'], []
2022-10-26 02:04:57 [main] INFO  o.s.s.web.DefaultSecurityFilterChain - Creating filter chain: any request, [org.springframework.security.web.context.request.async.WebAsyncManagerIntegrationFilter@54a6ef6, org.springframework.security.web.context.SecurityContextPersistenceFilter@2a6dbb7c, org.springframework.security.web.header.HeaderWriterFilter@573870cb, org.springframework.security.web.authentication.logout.LogoutFilter@b6136eb, org.springframework.security.web.authentication.www.BasicAuthenticationFilter@e993715, org.springframework.security.web.savedrequest.RequestCacheAwareFilter@7b2d58e6, org.springframework.security.web.servletapi.SecurityContextHolderAwareRequestFilter@33eab2e8, org.springframework.security.web.authentication.AnonymousAuthenticationFilter@5c740c5a, org.springframework.security.web.session.SessionManagementFilter@3573e19d, org.springframework.security.web.access.ExceptionTranslationFilter@41e7a544, org.springframework.security.web.access.intercept.FilterSecurityInterceptor@2168def]
2022-10-26 02:04:57 [main] INFO  o.s.s.c.ThreadPoolTaskExecutor - Initializing ExecutorService 'applicationTaskExecutor'
2022-10-26 02:04:59 [main] INFO  o.a.coyote.http11.Http11NioProtocol - Starting ProtocolHandler ["http-nio-8185"]
2022-10-26 02:04:59 [main] INFO  o.s.b.w.e.tomcat.TomcatWebServer - Tomcat started on port(s): 8185 (http) with context path '/elastic-query-service'
2022-10-26 02:04:59 [main] INFO  c.m.d.e.q.s.ElasticQueryServiceApplication - Started ElasticQueryServiceApplication in 8.208 seconds (JVM running for 9.461)
2022-10-26 02:12:58 [http-nio-8183-exec-1] INFO  o.a.c.c.C.[.[.[/elastic-query-service] - Initializing Spring DispatcherServlet 'dispatcherServlet'
2022-10-26 02:12:58 [http-nio-8183-exec-1] INFO  o.s.web.servlet.DispatcherServlet - Initializing Servlet 'dispatcherServlet'
2022-10-26 02:12:58 [http-nio-8183-exec-1] INFO  o.s.web.servlet.DispatcherServlet - Completed initialization in 40 ms
2022-10-26 02:12:59 [http-nio-8183-exec-1] INFO  c.m.d.e.q.s.b.i.TwitterElasticQueryService - Querying elasticsearch by text 1
2022-10-26 02:12:59 [http-nio-8183-exec-1] INFO  c.m.d.e.q.c.s.i.TwitterElasticRepositoryQueryClient - 0 of documents with text 1 retrieved successfully
2022-10-26 02:12:59 [http-nio-8183-exec-1] INFO  c.m.d.e.q.s.a.ElasticDocumentController - Elasticsearch returned 0 of documents on port 8183
2022-10-26 02:13:30 [http-nio-8185-exec-1] INFO  o.a.c.c.C.[.[.[/elastic-query-service] - Initializing Spring DispatcherServlet 'dispatcherServlet'
2022-10-26 02:13:30 [http-nio-8185-exec-1] INFO  o.s.web.servlet.DispatcherServlet - Initializing Servlet 'dispatcherServlet'
2022-10-26 02:13:30 [http-nio-8185-exec-1] INFO  o.s.web.servlet.DispatcherServlet - Completed initialization in 18 ms
2022-10-26 02:13:31 [http-nio-8185-exec-1] INFO  c.m.d.e.q.s.b.i.TwitterElasticQueryService - Querying elasticsearch by text 1
2022-10-26 02:13:31 [http-nio-8185-exec-1] INFO  c.m.d.e.q.c.s.i.TwitterElasticRepositoryQueryClient - 0 of documents with text 1 retrieved successfully
2022-10-26 02:13:31 [http-nio-8185-exec-1] INFO  c.m.d.e.q.s.a.ElasticDocumentController - Elasticsearch returned 0 of documents on port 8185
2022-10-26 02:15:44 [http-nio-8183-exec-3] INFO  c.m.d.e.q.s.b.i.TwitterElasticQueryService - Querying elasticsearch by text 1
2022-10-26 02:15:44 [http-nio-8183-exec-3] INFO  c.m.d.e.q.c.s.i.TwitterElasticRepositoryQueryClient - 0 of documents with text 1 retrieved successfully
2022-10-26 02:15:44 [http-nio-8183-exec-3] INFO  c.m.d.e.q.s.a.ElasticDocumentController - Elasticsearch returned 0 of documents on port 8183
2022-10-26 02:15:48 [http-nio-8185-exec-3] INFO  c.m.d.e.q.s.b.i.TwitterElasticQueryService - Querying elasticsearch by text 2
2022-10-26 02:15:48 [http-nio-8185-exec-3] INFO  c.m.d.e.q.c.s.i.TwitterElasticRepositoryQueryClient - 0 of documents with text 2 retrieved successfully
2022-10-26 02:15:48 [http-nio-8185-exec-3] INFO  c.m.d.e.q.s.a.ElasticDocumentController - Elasticsearch returned 0 of documents on port 8185
2022-10-26 02:15:52 [http-nio-8183-exec-4] INFO  c.m.d.e.q.s.b.i.TwitterElasticQueryService - Querying elasticsearch by text 1
2022-10-26 02:15:52 [http-nio-8183-exec-4] INFO  c.m.d.e.q.c.s.i.TwitterElasticRepositoryQueryClient - 0 of documents with text 1 retrieved successfully
2022-10-26 02:15:52 [http-nio-8183-exec-4] INFO  c.m.d.e.q.s.a.ElasticDocumentController - Elasticsearch returned 0 of documents on port 8183
