2022-10-25 07:30:01 [main] INFO  o.s.c.c.c.ConfigServicePropertySourceLocator - Fetching config from server at : http://config-server:8888
2022-10-25 07:30:03 [main] INFO  o.s.c.c.c.ConfigServicePropertySourceLocator - Located environment: name=twitter-to-kafka-service,config-client, profiles=[twitter_to_kafka], label=null, version=0dddd62fbdba23fead05a33f4a9fe600745ff990, state=null
2022-10-25 07:30:03 [main] INFO  o.s.c.b.c.PropertySourceBootstrapConfiguration - Located property source: [BootstrapPropertySource {name='bootstrapProperties-configClient'}, BootstrapPropertySource {name='bootstrapProperties-https://github.com/douglascwfung/spring-cloud-config-server-repo.git/config-client-twitter_to_kafka.yml'}, BootstrapPropertySource {name='bootstrapProperties-https://github.com/douglascwfung/spring-cloud-config-server-repo.git/config-client.yml'}]
2022-10-25 07:30:03 [main] INFO  c.m.d.t.t.k.s.TwitterToKafkaServiceApplication - The following profiles are active: twitter_to_kafka
2022-10-25 07:30:04 [main] INFO  o.s.cloud.context.scope.GenericScope - BeanFactory id=d88fc92e-6578-3d90-a486-bc8e7e92abbb
2022-10-25 07:30:04 [main] INFO  o.s.c.s.PostProcessorRegistrationDelegate$BeanPostProcessorChecker - Bean 'org.springframework.retry.annotation.RetryConfiguration' of type [org.springframework.retry.annotation.RetryConfiguration$$EnhancerBySpringCGLIB$$5099bb6c] is not eligible for getting processed by all BeanPostProcessors (for example: not eligible for auto-proxying)
2022-10-25 07:30:04 [main] INFO  o.a.k.c.admin.AdminClientConfig - AdminClientConfig values: 
	bootstrap.servers = [kafka-broker-1:9092, kafka-broker-2:9092, kafka-broker-3:9092]
	client.dns.lookup = default
	client.id = 
	connections.max.idle.ms = 300000
	default.api.timeout.ms = 60000
	metadata.max.age.ms = 300000
	metric.reporters = []
	metrics.num.samples = 2
	metrics.recording.level = INFO
	metrics.sample.window.ms = 30000
	receive.buffer.bytes = 65536
	reconnect.backoff.max.ms = 1000
	reconnect.backoff.ms = 50
	request.timeout.ms = 30000
	retries = 2147483647
	retry.backoff.ms = 100
	sasl.client.callback.handler.class = null
	sasl.jaas.config = null
	sasl.kerberos.kinit.cmd = /usr/bin/kinit
	sasl.kerberos.min.time.before.relogin = 60000
	sasl.kerberos.service.name = null
	sasl.kerberos.ticket.renew.jitter = 0.05
	sasl.kerberos.ticket.renew.window.factor = 0.8
	sasl.login.callback.handler.class = null
	sasl.login.class = null
	sasl.login.refresh.buffer.seconds = 300
	sasl.login.refresh.min.period.seconds = 60
	sasl.login.refresh.window.factor = 0.8
	sasl.login.refresh.window.jitter = 0.05
	sasl.mechanism = GSSAPI
	security.protocol = PLAINTEXT
	security.providers = null
	send.buffer.bytes = 131072
	ssl.cipher.suites = null
	ssl.enabled.protocols = [TLSv1.2]
	ssl.endpoint.identification.algorithm = https
	ssl.key.password = null
	ssl.keymanager.algorithm = SunX509
	ssl.keystore.location = null
	ssl.keystore.password = null
	ssl.keystore.type = JKS
	ssl.protocol = TLSv1.2
	ssl.provider = null
	ssl.secure.random.implementation = null
	ssl.trustmanager.algorithm = PKIX
	ssl.truststore.location = null
	ssl.truststore.password = null
	ssl.truststore.type = JKS

2022-10-25 07:30:06 [main] INFO  o.a.kafka.common.utils.AppInfoParser - Kafka version: 2.5.1
2022-10-25 07:30:06 [main] INFO  o.a.kafka.common.utils.AppInfoParser - Kafka commitId: 0efa8fb0f4c73d92
2022-10-25 07:30:06 [main] INFO  o.a.kafka.common.utils.AppInfoParser - Kafka startTimeMs: 1666683006284
2022-10-25 07:30:07 [main] INFO  o.s.b.a.s.r.ReactiveUserDetailsServiceAutoConfiguration - 

Using generated security password: 8c738656-f38a-477f-ab15-121f88efd5bc

2022-10-25 07:30:07 [main] INFO  o.s.b.w.e.netty.NettyWebServer - Netty started on port(s): 8181
2022-10-25 07:30:07 [main] INFO  c.m.d.t.t.k.s.TwitterToKafkaServiceApplication - Started TwitterToKafkaServiceApplication in 8.044 seconds (JVM running for 8.861)
2022-10-25 07:30:07 [main] INFO  c.m.d.t.t.k.s.TwitterToKafkaServiceApplication - App starts...
2022-10-25 07:30:07 [main] INFO  c.m.d.k.a.client.KafkaAdminClient - Creating 1 topics(s), attempt 0
2022-10-25 07:30:08 [main] INFO  c.m.d.k.a.client.KafkaAdminClient - Create topic result [KafkaFuture{value=null,exception=null,done=false}]
2022-10-25 07:30:08 [main] INFO  c.m.d.k.a.client.KafkaAdminClient - Reading kafka topic [twitter-topic], attempt 0
2022-10-25 07:30:08 [main] INFO  c.m.d.t.t.k.s.i.i.KafkaStreamInitializer - Topics with name twitter-topic is ready for operations!
2022-10-25 07:30:08 [main] INFO  c.m.d.t.t.k.s.r.i.MockKafkaStreamRunner - Starting mock filtering twitter streams for keywords [Java, Microservices, Kafka, Elasticsearch]
2022-10-25 07:30:08 [pool-3-thread-1] INFO  c.m.d.t.t.k.s.l.TwitterKafkaStatusListener - Received status text massa adipiscing magna dolor sed Elasticsearch posuere dolor sed sending to kafka topic twitter-topic
2022-10-25 07:30:08 [pool-3-thread-1] INFO  c.m.d.k.p.c.s.i.TwitterKafkaProducer - Sending message='{"userId": 5654842106602453354, "id": 1585076895626467694, "text": "massa adipiscing magna dolor sed Elasticsearch posuere dolor sed", "createdAt": 1666683008000}' to topic='twitter-topic'
2022-10-25 07:30:08 [pool-3-thread-1] INFO  o.a.k.c.producer.ProducerConfig - ProducerConfig values: 
	acks = -1
	batch.size = 1638400
	bootstrap.servers = [kafka-broker-1:9092, kafka-broker-2:9092, kafka-broker-3:9092]
	buffer.memory = 33554432
	client.dns.lookup = default
	client.id = producer-1
	compression.type = snappy
	connections.max.idle.ms = 540000
	delivery.timeout.ms = 120000
	enable.idempotence = false
	interceptor.classes = []
	key.serializer = class org.apache.kafka.common.serialization.LongSerializer
	linger.ms = 5
	max.block.ms = 60000
	max.in.flight.requests.per.connection = 5
	max.request.size = 1048576
	metadata.max.age.ms = 300000
	metadata.max.idle.ms = 300000
	metric.reporters = []
	metrics.num.samples = 2
	metrics.recording.level = INFO
	metrics.sample.window.ms = 30000
	partitioner.class = class org.apache.kafka.clients.producer.internals.DefaultPartitioner
	receive.buffer.bytes = 32768
	reconnect.backoff.max.ms = 1000
	reconnect.backoff.ms = 50
	request.timeout.ms = 60000
	retries = 5
	retry.backoff.ms = 100
	sasl.client.callback.handler.class = null
	sasl.jaas.config = null
	sasl.kerberos.kinit.cmd = /usr/bin/kinit
	sasl.kerberos.min.time.before.relogin = 60000
	sasl.kerberos.service.name = null
	sasl.kerberos.ticket.renew.jitter = 0.05
	sasl.kerberos.ticket.renew.window.factor = 0.8
	sasl.login.callback.handler.class = null
	sasl.login.class = null
	sasl.login.refresh.buffer.seconds = 300
	sasl.login.refresh.min.period.seconds = 60
	sasl.login.refresh.window.factor = 0.8
	sasl.login.refresh.window.jitter = 0.05
	sasl.mechanism = GSSAPI
	security.protocol = PLAINTEXT
	security.providers = null
	send.buffer.bytes = 131072
	ssl.cipher.suites = null
	ssl.enabled.protocols = [TLSv1.2]
	ssl.endpoint.identification.algorithm = https
	ssl.key.password = null
	ssl.keymanager.algorithm = SunX509
	ssl.keystore.location = null
	ssl.keystore.password = null
	ssl.keystore.type = JKS
	ssl.protocol = TLSv1.2
	ssl.provider = null
	ssl.secure.random.implementation = null
	ssl.trustmanager.algorithm = PKIX
	ssl.truststore.location = null
	ssl.truststore.password = null
	ssl.truststore.type = JKS
	transaction.timeout.ms = 60000
	transactional.id = null
	value.serializer = class io.confluent.kafka.serializers.KafkaAvroSerializer

2022-10-25 07:30:08 [pool-3-thread-1] INFO  i.c.k.s.KafkaAvroSerializerConfig - KafkaAvroSerializerConfig values: 
	bearer.auth.token = [hidden]
	proxy.port = -1
	schema.reflection = false
	auto.register.schemas = true
	max.schemas.per.subject = 1000
	basic.auth.credentials.source = URL
	value.subject.name.strategy = class io.confluent.kafka.serializers.subject.TopicNameStrategy
	schema.registry.url = [http://schema-registry:8081]
	basic.auth.user.info = [hidden]
	proxy.host = 
	use.latest.version = false
	schema.registry.basic.auth.user.info = [hidden]
	bearer.auth.credentials.source = STATIC_TOKEN
	key.subject.name.strategy = class io.confluent.kafka.serializers.subject.TopicNameStrategy

2022-10-25 07:30:08 [pool-3-thread-1] WARN  o.a.k.c.producer.ProducerConfig - The configuration 'internal.auto.downgrade.txn.commit' was supplied but isn't a known config.
2022-10-25 07:30:08 [pool-3-thread-1] INFO  o.a.kafka.common.utils.AppInfoParser - Kafka version: 2.5.1
2022-10-25 07:30:08 [pool-3-thread-1] INFO  o.a.kafka.common.utils.AppInfoParser - Kafka commitId: 0efa8fb0f4c73d92
2022-10-25 07:30:08 [pool-3-thread-1] INFO  o.a.kafka.common.utils.AppInfoParser - Kafka startTimeMs: 1666683008565
2022-10-25 07:30:08 [kafka-producer-network-thread | producer-1] INFO  org.apache.kafka.clients.Metadata - [Producer clientId=producer-1] Cluster ID: LTnWjj6sRviSXStLHmhIDg
2022-10-25 07:30:19 [pool-3-thread-1] INFO  c.m.d.t.t.k.s.l.TwitterKafkaStatusListener - Received status text libero pulvinar Fusce dolor Lorem posuere Elasticsearch libero ultricies Fusce malesuada consectetuer sending to kafka topic twitter-topic
2022-10-25 07:30:19 [pool-3-thread-1] INFO  c.m.d.k.p.c.s.i.TwitterKafkaProducer - Sending message='{"userId": 4801271047573157347, "id": 6248477738055882095, "text": "libero pulvinar Fusce dolor Lorem posuere Elasticsearch libero ultricies Fusce malesuada consectetuer", "createdAt": 1666683019000}' to topic='twitter-topic'
2022-10-25 07:30:29 [pool-3-thread-1] INFO  c.m.d.t.t.k.s.l.TwitterKafkaStatusListener - Received status text Fusce amet libero Maecenas elit amet Microservices congue pulvinar Maecenas Lorem sending to kafka topic twitter-topic
2022-10-25 07:30:29 [pool-3-thread-1] INFO  c.m.d.k.p.c.s.i.TwitterKafkaProducer - Sending message='{"userId": 7443902850095175807, "id": 4782017671697279808, "text": "Fusce amet libero Maecenas elit amet Microservices congue pulvinar Maecenas Lorem", "createdAt": 1666683029000}' to topic='twitter-topic'
2022-10-25 07:30:39 [pool-3-thread-1] INFO  c.m.d.t.t.k.s.l.TwitterKafkaStatusListener - Received status text elit dolor porttitor sed purus lectus Microservices malesuada sit purus pulvinar sending to kafka topic twitter-topic
2022-10-25 07:30:39 [pool-3-thread-1] INFO  c.m.d.k.p.c.s.i.TwitterKafkaProducer - Sending message='{"userId": 298839520262155774, "id": 4099916260816382639, "text": "elit dolor porttitor sed purus lectus Microservices malesuada sit purus pulvinar", "createdAt": 1666683039000}' to topic='twitter-topic'
2022-10-25 07:30:49 [pool-3-thread-1] INFO  c.m.d.t.t.k.s.l.TwitterKafkaStatusListener - Received status text elit lectus Maecenas porttitor congue porttitor libero Maecenas Elasticsearch amet lectus dolor adipiscing consectetuer ultricies malesuada sending to kafka topic twitter-topic
2022-10-25 07:30:49 [pool-3-thread-1] INFO  c.m.d.k.p.c.s.i.TwitterKafkaProducer - Sending message='{"userId": 4309484913206566899, "id": 4707311684120871059, "text": "elit lectus Maecenas porttitor congue porttitor libero Maecenas Elasticsearch amet lectus dolor adipiscing consectetuer ultricies malesuada", "createdAt": 1666683049000}' to topic='twitter-topic'
2022-10-25 07:30:59 [pool-3-thread-1] INFO  c.m.d.t.t.k.s.l.TwitterKafkaStatusListener - Received status text congue ultricies ipsum sit pulvinar pulvinar consectetuer libero Java magna congue Maecenas adipiscing libero adipiscing adipiscing sending to kafka topic twitter-topic
2022-10-25 07:30:59 [pool-3-thread-1] INFO  c.m.d.k.p.c.s.i.TwitterKafkaProducer - Sending message='{"userId": 4190232181099103446, "id": 7520669291059242964, "text": "congue ultricies ipsum sit pulvinar pulvinar consectetuer libero Java magna congue Maecenas adipiscing libero adipiscing adipiscing", "createdAt": 1666683059000}' to topic='twitter-topic'
2022-10-25 07:31:09 [pool-3-thread-1] INFO  c.m.d.t.t.k.s.l.TwitterKafkaStatusListener - Received status text posuere ultricies Maecenas amet adipiscing pulvinar Microservices ultricies ultricies libero lectus magna sending to kafka topic twitter-topic
2022-10-25 07:31:09 [pool-3-thread-1] INFO  c.m.d.k.p.c.s.i.TwitterKafkaProducer - Sending message='{"userId": 4522795171918377472, "id": 200291962042750743, "text": "posuere ultricies Maecenas amet adipiscing pulvinar Microservices ultricies ultricies libero lectus magna", "createdAt": 1666683069000}' to topic='twitter-topic'
2022-10-25 07:31:19 [pool-3-thread-1] INFO  c.m.d.t.t.k.s.l.TwitterKafkaStatusListener - Received status text elit sit magna Fusce libero Lorem Kafka magna porttitor purus pulvinar Fusce sending to kafka topic twitter-topic
2022-10-25 07:31:19 [pool-3-thread-1] INFO  c.m.d.k.p.c.s.i.TwitterKafkaProducer - Sending message='{"userId": 1448031650288122062, "id": 594671109341832720, "text": "elit sit magna Fusce libero Lorem Kafka magna porttitor purus pulvinar Fusce", "createdAt": 1666683079000}' to topic='twitter-topic'
2022-10-25 07:31:29 [pool-3-thread-1] INFO  c.m.d.t.t.k.s.l.TwitterKafkaStatusListener - Received status text posuere dolor magna massa Fusce posuere consectetuer Kafka amet libero dolor congue posuere sending to kafka topic twitter-topic
2022-10-25 07:31:29 [pool-3-thread-1] INFO  c.m.d.k.p.c.s.i.TwitterKafkaProducer - Sending message='{"userId": 335440479064720282, "id": 5930287782108546395, "text": "posuere dolor magna massa Fusce posuere consectetuer Kafka amet libero dolor congue posuere", "createdAt": 1666683089000}' to topic='twitter-topic'
2022-10-25 07:31:39 [pool-3-thread-1] INFO  c.m.d.t.t.k.s.l.TwitterKafkaStatusListener - Received status text Maecenas malesuada Maecenas sit Kafka massa elit Fusce sending to kafka topic twitter-topic
2022-10-25 07:31:39 [pool-3-thread-1] INFO  c.m.d.k.p.c.s.i.TwitterKafkaProducer - Sending message='{"userId": 5569926837339335028, "id": 8405172985156754449, "text": "Maecenas malesuada Maecenas sit Kafka massa elit Fusce", "createdAt": 1666683099000}' to topic='twitter-topic'
